mode: set
github.com/vfarcic/dot-ai-controller/internal/controller/remediationpolicy_controller.go:71.79,73.2 1 1
github.com/vfarcic/dot-ai-controller/internal/controller/remediationpolicy_controller.go:76.78,81.2 4 1
github.com/vfarcic/dot-ai-controller/internal/controller/remediationpolicy_controller.go:84.124,89.2 1 1
github.com/vfarcic/dot-ai-controller/internal/controller/remediationpolicy_controller.go:92.130,93.100 1 1
github.com/vfarcic/dot-ai-controller/internal/controller/remediationpolicy_controller.go:93.100,96.3 1 0
github.com/vfarcic/dot-ai-controller/internal/controller/remediationpolicy_controller.go:98.2,105.87 5 1
github.com/vfarcic/dot-ai-controller/internal/controller/remediationpolicy_controller.go:105.87,108.3 2 1
github.com/vfarcic/dot-ai-controller/internal/controller/remediationpolicy_controller.go:111.2,111.50 1 1
github.com/vfarcic/dot-ai-controller/internal/controller/remediationpolicy_controller.go:111.50,113.33 1 1
github.com/vfarcic/dot-ai-controller/internal/controller/remediationpolicy_controller.go:113.33,115.4 1 1
github.com/vfarcic/dot-ai-controller/internal/controller/remediationpolicy_controller.go:118.3,119.14 2 1
github.com/vfarcic/dot-ai-controller/internal/controller/remediationpolicy_controller.go:119.14,121.4 1 1
github.com/vfarcic/dot-ai-controller/internal/controller/remediationpolicy_controller.go:124.3,126.27 3 1
github.com/vfarcic/dot-ai-controller/internal/controller/remediationpolicy_controller.go:126.27,127.29 1 0
github.com/vfarcic/dot-ai-controller/internal/controller/remediationpolicy_controller.go:127.29,129.5 1 0
github.com/vfarcic/dot-ai-controller/internal/controller/remediationpolicy_controller.go:133.3,133.69 1 1
github.com/vfarcic/dot-ai-controller/internal/controller/remediationpolicy_controller.go:133.69,136.4 1 0
github.com/vfarcic/dot-ai-controller/internal/controller/remediationpolicy_controller.go:139.3,143.51 3 1
github.com/vfarcic/dot-ai-controller/internal/controller/remediationpolicy_controller.go:143.51,144.33 1 1
github.com/vfarcic/dot-ai-controller/internal/controller/remediationpolicy_controller.go:144.33,146.5 1 1
github.com/vfarcic/dot-ai-controller/internal/controller/remediationpolicy_controller.go:147.4,147.108 1 1
github.com/vfarcic/dot-ai-controller/internal/controller/remediationpolicy_controller.go:151.2,151.18 1 1
github.com/vfarcic/dot-ai-controller/internal/controller/remediationpolicy_controller.go:155.75,158.30 3 1
github.com/vfarcic/dot-ai-controller/internal/controller/remediationpolicy_controller.go:158.30,160.3 1 1
github.com/vfarcic/dot-ai-controller/internal/controller/remediationpolicy_controller.go:161.2,161.42 1 1
github.com/vfarcic/dot-ai-controller/internal/controller/remediationpolicy_controller.go:165.84,169.30 3 1
github.com/vfarcic/dot-ai-controller/internal/controller/remediationpolicy_controller.go:169.30,171.3 1 1
github.com/vfarcic/dot-ai-controller/internal/controller/remediationpolicy_controller.go:173.2,174.50 2 1
github.com/vfarcic/dot-ai-controller/internal/controller/remediationpolicy_controller.go:174.50,175.36 1 1
github.com/vfarcic/dot-ai-controller/internal/controller/remediationpolicy_controller.go:175.36,177.4 1 1
github.com/vfarcic/dot-ai-controller/internal/controller/remediationpolicy_controller.go:182.120,183.54 1 1
github.com/vfarcic/dot-ai-controller/internal/controller/remediationpolicy_controller.go:183.54,184.41 1 1
github.com/vfarcic/dot-ai-controller/internal/controller/remediationpolicy_controller.go:184.41,186.4 1 1
github.com/vfarcic/dot-ai-controller/internal/controller/remediationpolicy_controller.go:188.2,188.14 1 1
github.com/vfarcic/dot-ai-controller/internal/controller/remediationpolicy_controller.go:192.163,193.54 1 1
github.com/vfarcic/dot-ai-controller/internal/controller/remediationpolicy_controller.go:193.54,194.41 1 1
github.com/vfarcic/dot-ai-controller/internal/controller/remediationpolicy_controller.go:194.41,196.4 1 1
github.com/vfarcic/dot-ai-controller/internal/controller/remediationpolicy_controller.go:198.2,198.45 1 1
github.com/vfarcic/dot-ai-controller/internal/controller/remediationpolicy_controller.go:202.142,203.25 1 1
github.com/vfarcic/dot-ai-controller/internal/controller/remediationpolicy_controller.go:203.25,205.3 1 1
github.com/vfarcic/dot-ai-controller/internal/controller/remediationpolicy_controller.go:206.2,206.28 1 1
github.com/vfarcic/dot-ai-controller/internal/controller/remediationpolicy_controller.go:206.28,208.3 1 1
github.com/vfarcic/dot-ai-controller/internal/controller/remediationpolicy_controller.go:209.2,209.17 1 1
github.com/vfarcic/dot-ai-controller/internal/controller/remediationpolicy_controller.go:213.158,214.41 1 1
github.com/vfarcic/dot-ai-controller/internal/controller/remediationpolicy_controller.go:214.41,216.3 1 1
github.com/vfarcic/dot-ai-controller/internal/controller/remediationpolicy_controller.go:217.2,217.44 1 1
github.com/vfarcic/dot-ai-controller/internal/controller/remediationpolicy_controller.go:217.44,219.3 1 1
github.com/vfarcic/dot-ai-controller/internal/controller/remediationpolicy_controller.go:220.2,220.12 1 1
github.com/vfarcic/dot-ai-controller/internal/controller/remediationpolicy_controller.go:224.150,225.33 1 1
github.com/vfarcic/dot-ai-controller/internal/controller/remediationpolicy_controller.go:225.33,227.3 1 1
github.com/vfarcic/dot-ai-controller/internal/controller/remediationpolicy_controller.go:228.2,228.36 1 1
github.com/vfarcic/dot-ai-controller/internal/controller/remediationpolicy_controller.go:228.36,230.3 1 1
github.com/vfarcic/dot-ai-controller/internal/controller/remediationpolicy_controller.go:231.2,231.14 1 1
github.com/vfarcic/dot-ai-controller/internal/controller/remediationpolicy_controller.go:235.92,237.72 1 1
github.com/vfarcic/dot-ai-controller/internal/controller/remediationpolicy_controller.go:237.72,240.87 2 1
github.com/vfarcic/dot-ai-controller/internal/controller/remediationpolicy_controller.go:240.87,243.4 1 1
github.com/vfarcic/dot-ai-controller/internal/controller/remediationpolicy_controller.go:245.3,246.43 2 1
github.com/vfarcic/dot-ai-controller/internal/controller/remediationpolicy_controller.go:246.43,248.4 1 1
github.com/vfarcic/dot-ai-controller/internal/controller/remediationpolicy_controller.go:250.3,251.25 2 1
github.com/vfarcic/dot-ai-controller/internal/controller/remediationpolicy_controller.go:251.25,253.4 1 1
github.com/vfarcic/dot-ai-controller/internal/controller/remediationpolicy_controller.go:253.9,255.4 1 1
github.com/vfarcic/dot-ai-controller/internal/controller/remediationpolicy_controller.go:258.3,258.26 1 1
github.com/vfarcic/dot-ai-controller/internal/controller/remediationpolicy_controller.go:258.26,260.4 1 1
github.com/vfarcic/dot-ai-controller/internal/controller/remediationpolicy_controller.go:262.3,262.18 1 1
github.com/vfarcic/dot-ai-controller/internal/controller/remediationpolicy_controller.go:266.2,266.59 1 1
github.com/vfarcic/dot-ai-controller/internal/controller/remediationpolicy_controller.go:270.184,279.34 3 1
github.com/vfarcic/dot-ai-controller/internal/controller/remediationpolicy_controller.go:279.34,283.3 3 1
github.com/vfarcic/dot-ai-controller/internal/controller/remediationpolicy_controller.go:285.2,285.16 1 1
github.com/vfarcic/dot-ai-controller/internal/controller/remediationpolicy_controller.go:289.220,297.16 4 1
github.com/vfarcic/dot-ai-controller/internal/controller/remediationpolicy_controller.go:297.16,299.3 1 0
github.com/vfarcic/dot-ai-controller/internal/controller/remediationpolicy_controller.go:302.2,312.43 2 1
github.com/vfarcic/dot-ai-controller/internal/controller/remediationpolicy_controller.go:312.43,314.3 1 1
github.com/vfarcic/dot-ai-controller/internal/controller/remediationpolicy_controller.go:315.2,315.35 1 1
github.com/vfarcic/dot-ai-controller/internal/controller/remediationpolicy_controller.go:315.35,317.3 1 1
github.com/vfarcic/dot-ai-controller/internal/controller/remediationpolicy_controller.go:319.2,326.24 3 1
github.com/vfarcic/dot-ai-controller/internal/controller/remediationpolicy_controller.go:351.49,352.43 1 1
github.com/vfarcic/dot-ai-controller/internal/controller/remediationpolicy_controller.go:352.43,354.68 1 1
github.com/vfarcic/dot-ai-controller/internal/controller/remediationpolicy_controller.go:354.68,356.4 1 1
github.com/vfarcic/dot-ai-controller/internal/controller/remediationpolicy_controller.go:357.3,357.68 1 0
github.com/vfarcic/dot-ai-controller/internal/controller/remediationpolicy_controller.go:357.68,359.4 1 0
github.com/vfarcic/dot-ai-controller/internal/controller/remediationpolicy_controller.go:360.3,360.67 1 0
github.com/vfarcic/dot-ai-controller/internal/controller/remediationpolicy_controller.go:360.67,362.4 1 0
github.com/vfarcic/dot-ai-controller/internal/controller/remediationpolicy_controller.go:364.3,364.31 1 0
github.com/vfarcic/dot-ai-controller/internal/controller/remediationpolicy_controller.go:364.31,366.4 1 0
github.com/vfarcic/dot-ai-controller/internal/controller/remediationpolicy_controller.go:367.3,367.46 1 0
github.com/vfarcic/dot-ai-controller/internal/controller/remediationpolicy_controller.go:369.2,369.25 1 1
github.com/vfarcic/dot-ai-controller/internal/controller/remediationpolicy_controller.go:373.48,374.20 1 1
github.com/vfarcic/dot-ai-controller/internal/controller/remediationpolicy_controller.go:374.20,375.28 1 1
github.com/vfarcic/dot-ai-controller/internal/controller/remediationpolicy_controller.go:375.28,377.4 1 1
github.com/vfarcic/dot-ai-controller/internal/controller/remediationpolicy_controller.go:378.3,378.25 1 0
github.com/vfarcic/dot-ai-controller/internal/controller/remediationpolicy_controller.go:378.25,380.4 1 0
github.com/vfarcic/dot-ai-controller/internal/controller/remediationpolicy_controller.go:382.2,382.24 1 1
github.com/vfarcic/dot-ai-controller/internal/controller/remediationpolicy_controller.go:386.152,394.16 5 1
github.com/vfarcic/dot-ai-controller/internal/controller/remediationpolicy_controller.go:394.16,396.3 1 0
github.com/vfarcic/dot-ai-controller/internal/controller/remediationpolicy_controller.go:398.2,402.16 3 1
github.com/vfarcic/dot-ai-controller/internal/controller/remediationpolicy_controller.go:402.16,404.3 1 0
github.com/vfarcic/dot-ai-controller/internal/controller/remediationpolicy_controller.go:407.2,416.16 6 1
github.com/vfarcic/dot-ai-controller/internal/controller/remediationpolicy_controller.go:416.16,419.3 2 0
github.com/vfarcic/dot-ai-controller/internal/controller/remediationpolicy_controller.go:421.2,430.16 4 1
github.com/vfarcic/dot-ai-controller/internal/controller/remediationpolicy_controller.go:430.16,433.3 2 0
github.com/vfarcic/dot-ai-controller/internal/controller/remediationpolicy_controller.go:435.2,442.53 3 1
github.com/vfarcic/dot-ai-controller/internal/controller/remediationpolicy_controller.go:442.53,458.3 2 1
github.com/vfarcic/dot-ai-controller/internal/controller/remediationpolicy_controller.go:461.2,462.67 2 1
github.com/vfarcic/dot-ai-controller/internal/controller/remediationpolicy_controller.go:462.67,481.3 2 0
github.com/vfarcic/dot-ai-controller/internal/controller/remediationpolicy_controller.go:484.2,490.26 2 1
github.com/vfarcic/dot-ai-controller/internal/controller/remediationpolicy_controller.go:494.119,496.56 1 1
github.com/vfarcic/dot-ai-controller/internal/controller/remediationpolicy_controller.go:496.56,498.3 1 1
github.com/vfarcic/dot-ai-controller/internal/controller/remediationpolicy_controller.go:501.2,501.62 1 1
github.com/vfarcic/dot-ai-controller/internal/controller/remediationpolicy_controller.go:501.62,503.3 1 1
github.com/vfarcic/dot-ai-controller/internal/controller/remediationpolicy_controller.go:506.2,506.99 1 1
github.com/vfarcic/dot-ai-controller/internal/controller/remediationpolicy_controller.go:506.99,508.3 1 1
github.com/vfarcic/dot-ai-controller/internal/controller/remediationpolicy_controller.go:511.2,511.71 1 1
github.com/vfarcic/dot-ai-controller/internal/controller/remediationpolicy_controller.go:511.71,513.3 1 1
github.com/vfarcic/dot-ai-controller/internal/controller/remediationpolicy_controller.go:515.2,515.13 1 1
github.com/vfarcic/dot-ai-controller/internal/controller/remediationpolicy_controller.go:519.179,545.16 6 1
github.com/vfarcic/dot-ai-controller/internal/controller/remediationpolicy_controller.go:545.16,551.84 3 0
github.com/vfarcic/dot-ai-controller/internal/controller/remediationpolicy_controller.go:551.84,553.4 1 0
github.com/vfarcic/dot-ai-controller/internal/controller/remediationpolicy_controller.go:554.3,554.13 1 0
github.com/vfarcic/dot-ai-controller/internal/controller/remediationpolicy_controller.go:557.2,563.94 2 1
github.com/vfarcic/dot-ai-controller/internal/controller/remediationpolicy_controller.go:563.94,566.3 1 1
github.com/vfarcic/dot-ai-controller/internal/controller/remediationpolicy_controller.go:567.2,567.99 1 1
github.com/vfarcic/dot-ai-controller/internal/controller/remediationpolicy_controller.go:567.99,570.3 1 0
github.com/vfarcic/dot-ai-controller/internal/controller/remediationpolicy_controller.go:573.2,574.16 2 1
github.com/vfarcic/dot-ai-controller/internal/controller/remediationpolicy_controller.go:574.16,580.85 3 0
github.com/vfarcic/dot-ai-controller/internal/controller/remediationpolicy_controller.go:580.85,582.4 1 0
github.com/vfarcic/dot-ai-controller/internal/controller/remediationpolicy_controller.go:583.3,583.13 1 0
github.com/vfarcic/dot-ai-controller/internal/controller/remediationpolicy_controller.go:587.2,588.25 2 1
github.com/vfarcic/dot-ai-controller/internal/controller/remediationpolicy_controller.go:588.25,597.3 3 1
github.com/vfarcic/dot-ai-controller/internal/controller/remediationpolicy_controller.go:597.8,603.3 3 1
github.com/vfarcic/dot-ai-controller/internal/controller/remediationpolicy_controller.go:606.2,606.76 1 1
github.com/vfarcic/dot-ai-controller/internal/controller/remediationpolicy_controller.go:606.76,612.3 3 0
github.com/vfarcic/dot-ai-controller/internal/controller/remediationpolicy_controller.go:615.2,615.105 1 1
github.com/vfarcic/dot-ai-controller/internal/controller/remediationpolicy_controller.go:615.105,618.3 1 1
github.com/vfarcic/dot-ai-controller/internal/controller/remediationpolicy_controller.go:619.2,619.110 1 1
github.com/vfarcic/dot-ai-controller/internal/controller/remediationpolicy_controller.go:619.110,622.3 1 0
github.com/vfarcic/dot-ai-controller/internal/controller/remediationpolicy_controller.go:625.2,625.16 1 1
github.com/vfarcic/dot-ai-controller/internal/controller/remediationpolicy_controller.go:625.16,627.3 1 1
github.com/vfarcic/dot-ai-controller/internal/controller/remediationpolicy_controller.go:627.8,629.3 1 1
github.com/vfarcic/dot-ai-controller/internal/controller/remediationpolicy_controller.go:630.2,630.12 1 1
github.com/vfarcic/dot-ai-controller/internal/controller/remediationpolicy_controller.go:634.169,641.53 5 1
github.com/vfarcic/dot-ai-controller/internal/controller/remediationpolicy_controller.go:641.53,642.18 1 1
github.com/vfarcic/dot-ai-controller/internal/controller/remediationpolicy_controller.go:642.18,645.24 2 0
github.com/vfarcic/dot-ai-controller/internal/controller/remediationpolicy_controller.go:645.24,647.5 1 0
github.com/vfarcic/dot-ai-controller/internal/controller/remediationpolicy_controller.go:649.4,652.21 3 0
github.com/vfarcic/dot-ai-controller/internal/controller/remediationpolicy_controller.go:656.3,657.79 2 1
github.com/vfarcic/dot-ai-controller/internal/controller/remediationpolicy_controller.go:657.79,659.12 2 0
github.com/vfarcic/dot-ai-controller/internal/controller/remediationpolicy_controller.go:663.3,664.14 2 1
github.com/vfarcic/dot-ai-controller/internal/controller/remediationpolicy_controller.go:664.14,666.4 1 1
github.com/vfarcic/dot-ai-controller/internal/controller/remediationpolicy_controller.go:666.9,668.4 1 1
github.com/vfarcic/dot-ai-controller/internal/controller/remediationpolicy_controller.go:671.3,671.61 1 1
github.com/vfarcic/dot-ai-controller/internal/controller/remediationpolicy_controller.go:671.61,675.4 3 1
github.com/vfarcic/dot-ai-controller/internal/controller/remediationpolicy_controller.go:678.3,683.49 4 1
github.com/vfarcic/dot-ai-controller/internal/controller/remediationpolicy_controller.go:683.49,686.4 1 1
github.com/vfarcic/dot-ai-controller/internal/controller/remediationpolicy_controller.go:686.9,688.4 1 0
github.com/vfarcic/dot-ai-controller/internal/controller/remediationpolicy_controller.go:690.3,700.53 3 1
github.com/vfarcic/dot-ai-controller/internal/controller/remediationpolicy_controller.go:700.53,701.33 1 1
github.com/vfarcic/dot-ai-controller/internal/controller/remediationpolicy_controller.go:701.33,704.10 3 1
github.com/vfarcic/dot-ai-controller/internal/controller/remediationpolicy_controller.go:707.3,707.15 1 1
github.com/vfarcic/dot-ai-controller/internal/controller/remediationpolicy_controller.go:707.15,709.4 1 1
github.com/vfarcic/dot-ai-controller/internal/controller/remediationpolicy_controller.go:712.3,712.55 1 1
github.com/vfarcic/dot-ai-controller/internal/controller/remediationpolicy_controller.go:712.55,713.33 1 0
github.com/vfarcic/dot-ai-controller/internal/controller/remediationpolicy_controller.go:713.33,716.13 2 0
github.com/vfarcic/dot-ai-controller/internal/controller/remediationpolicy_controller.go:719.4,719.64 1 0
github.com/vfarcic/dot-ai-controller/internal/controller/remediationpolicy_controller.go:723.3,723.13 1 1
github.com/vfarcic/dot-ai-controller/internal/controller/remediationpolicy_controller.go:727.2,727.98 1 0
github.com/vfarcic/dot-ai-controller/internal/controller/remediationpolicy_controller.go:731.129,734.78 2 1
github.com/vfarcic/dot-ai-controller/internal/controller/remediationpolicy_controller.go:734.78,736.3 1 0
github.com/vfarcic/dot-ai-controller/internal/controller/remediationpolicy_controller.go:739.2,744.54 4 1
github.com/vfarcic/dot-ai-controller/internal/controller/remediationpolicy_controller.go:744.54,746.3 1 0
github.com/vfarcic/dot-ai-controller/internal/controller/remediationpolicy_controller.go:748.2,748.12 1 1
github.com/vfarcic/dot-ai-controller/internal/controller/remediationpolicy_controller.go:752.130,755.78 2 1
github.com/vfarcic/dot-ai-controller/internal/controller/remediationpolicy_controller.go:755.78,757.3 1 0
github.com/vfarcic/dot-ai-controller/internal/controller/remediationpolicy_controller.go:760.2,782.54 12 1
github.com/vfarcic/dot-ai-controller/internal/controller/remediationpolicy_controller.go:782.54,784.3 1 0
github.com/vfarcic/dot-ai-controller/internal/controller/remediationpolicy_controller.go:786.2,786.12 1 1
github.com/vfarcic/dot-ai-controller/internal/controller/remediationpolicy_controller.go:795.109,800.63 3 1
github.com/vfarcic/dot-ai-controller/internal/controller/remediationpolicy_controller.go:800.63,803.3 1 1
github.com/vfarcic/dot-ai-controller/internal/controller/remediationpolicy_controller.go:806.2,807.64 2 1
github.com/vfarcic/dot-ai-controller/internal/controller/remediationpolicy_controller.go:807.64,810.3 1 1
github.com/vfarcic/dot-ai-controller/internal/controller/remediationpolicy_controller.go:813.2,814.27 2 1
github.com/vfarcic/dot-ai-controller/internal/controller/remediationpolicy_controller.go:818.138,828.61 3 1
github.com/vfarcic/dot-ai-controller/internal/controller/remediationpolicy_controller.go:828.61,833.3 3 0
github.com/vfarcic/dot-ai-controller/internal/controller/remediationpolicy_controller.go:836.2,836.66 1 1
github.com/vfarcic/dot-ai-controller/internal/controller/remediationpolicy_controller.go:836.66,841.3 3 0
github.com/vfarcic/dot-ai-controller/internal/controller/remediationpolicy_controller.go:844.2,845.126 2 1
github.com/vfarcic/dot-ai-controller/internal/controller/remediationpolicy_controller.go:845.126,853.3 3 1
github.com/vfarcic/dot-ai-controller/internal/controller/remediationpolicy_controller.go:856.2,856.23 1 1
github.com/vfarcic/dot-ai-controller/internal/controller/remediationpolicy_controller.go:856.23,857.63 1 1
github.com/vfarcic/dot-ai-controller/internal/controller/remediationpolicy_controller.go:857.63,863.4 3 0
github.com/vfarcic/dot-ai-controller/internal/controller/remediationpolicy_controller.go:864.3,864.71 1 1
github.com/vfarcic/dot-ai-controller/internal/controller/remediationpolicy_controller.go:868.2,871.56 2 1
github.com/vfarcic/dot-ai-controller/internal/controller/remediationpolicy_controller.go:875.117,884.34 3 1
github.com/vfarcic/dot-ai-controller/internal/controller/remediationpolicy_controller.go:884.34,887.3 2 1
github.com/vfarcic/dot-ai-controller/internal/controller/remediationpolicy_controller.go:889.2,896.47 3 1
github.com/vfarcic/dot-ai-controller/internal/controller/remediationpolicy_controller.go:896.47,899.3 2 0
github.com/vfarcic/dot-ai-controller/internal/controller/remediationpolicy_controller.go:901.2,901.30 1 1
github.com/vfarcic/dot-ai-controller/internal/controller/remediationpolicy_controller.go:901.30,904.3 2 0
github.com/vfarcic/dot-ai-controller/internal/controller/remediationpolicy_controller.go:907.2,908.40 2 1
github.com/vfarcic/dot-ai-controller/internal/controller/remediationpolicy_controller.go:908.40,909.88 1 1
github.com/vfarcic/dot-ai-controller/internal/controller/remediationpolicy_controller.go:909.88,913.75 2 1
github.com/vfarcic/dot-ai-controller/internal/controller/remediationpolicy_controller.go:913.75,922.65 2 1
github.com/vfarcic/dot-ai-controller/internal/controller/remediationpolicy_controller.go:922.65,924.6 1 0
github.com/vfarcic/dot-ai-controller/internal/controller/remediationpolicy_controller.go:927.5,928.10 2 1
github.com/vfarcic/dot-ai-controller/internal/controller/remediationpolicy_controller.go:931.4,942.80 4 1
github.com/vfarcic/dot-ai-controller/internal/controller/remediationpolicy_controller.go:942.80,946.5 2 0
github.com/vfarcic/dot-ai-controller/internal/controller/remediationpolicy_controller.go:949.4,949.9 1 1
github.com/vfarcic/dot-ai-controller/internal/controller/remediationpolicy_controller.go:953.2,953.14 1 1
github.com/vfarcic/dot-ai-controller/internal/controller/remediationpolicy_controller.go:953.14,957.3 1 1
github.com/vfarcic/dot-ai-controller/internal/controller/remediationpolicy_controller.go:959.2,959.27 1 1
github.com/vfarcic/dot-ai-controller/internal/controller/remediationpolicy_controller.go:1011.113,1015.20 2 1
github.com/vfarcic/dot-ai-controller/internal/controller/remediationpolicy_controller.go:1015.20,1017.3 1 1
github.com/vfarcic/dot-ai-controller/internal/controller/remediationpolicy_controller.go:1020.2,1020.64 1 1
github.com/vfarcic/dot-ai-controller/internal/controller/remediationpolicy_controller.go:1020.64,1022.3 1 1
github.com/vfarcic/dot-ai-controller/internal/controller/remediationpolicy_controller.go:1025.2,1025.38 1 1
github.com/vfarcic/dot-ai-controller/internal/controller/remediationpolicy_controller.go:1025.38,1026.43 1 1
github.com/vfarcic/dot-ai-controller/internal/controller/remediationpolicy_controller.go:1026.43,1028.4 1 1
github.com/vfarcic/dot-ai-controller/internal/controller/remediationpolicy_controller.go:1029.3,1029.42 1 1
github.com/vfarcic/dot-ai-controller/internal/controller/remediationpolicy_controller.go:1029.42,1031.4 1 1
github.com/vfarcic/dot-ai-controller/internal/controller/remediationpolicy_controller.go:1035.2,1035.28 1 1
github.com/vfarcic/dot-ai-controller/internal/controller/remediationpolicy_controller.go:1035.28,1036.71 1 1
github.com/vfarcic/dot-ai-controller/internal/controller/remediationpolicy_controller.go:1036.71,1038.4 1 1
github.com/vfarcic/dot-ai-controller/internal/controller/remediationpolicy_controller.go:1041.2,1041.12 1 1
github.com/vfarcic/dot-ai-controller/internal/controller/remediationpolicy_controller.go:1056.19,1060.40 2 1
github.com/vfarcic/dot-ai-controller/internal/controller/remediationpolicy_controller.go:1060.40,1065.3 1 1
github.com/vfarcic/dot-ai-controller/internal/controller/remediationpolicy_controller.go:1068.2,1068.22 1 1
github.com/vfarcic/dot-ai-controller/internal/controller/remediationpolicy_controller.go:1068.22,1076.55 3 1
github.com/vfarcic/dot-ai-controller/internal/controller/remediationpolicy_controller.go:1076.55,1077.33 1 1
github.com/vfarcic/dot-ai-controller/internal/controller/remediationpolicy_controller.go:1077.33,1080.5 1 1
github.com/vfarcic/dot-ai-controller/internal/controller/remediationpolicy_controller.go:1081.4,1081.84 1 0
github.com/vfarcic/dot-ai-controller/internal/controller/remediationpolicy_controller.go:1085.3,1086.14 2 1
github.com/vfarcic/dot-ai-controller/internal/controller/remediationpolicy_controller.go:1086.14,1089.4 1 1
github.com/vfarcic/dot-ai-controller/internal/controller/remediationpolicy_controller.go:1091.3,1091.32 1 1
github.com/vfarcic/dot-ai-controller/internal/controller/remediationpolicy_controller.go:1091.32,1094.4 1 1
github.com/vfarcic/dot-ai-controller/internal/controller/remediationpolicy_controller.go:1096.3,1103.25 3 1
github.com/vfarcic/dot-ai-controller/internal/controller/remediationpolicy_controller.go:1107.2,1107.20 1 1
github.com/vfarcic/dot-ai-controller/internal/controller/remediationpolicy_controller.go:1107.20,1113.3 2 1
github.com/vfarcic/dot-ai-controller/internal/controller/remediationpolicy_controller.go:1116.2,1116.145 1 1
github.com/vfarcic/dot-ai-controller/internal/controller/remediationpolicy_controller.go:1120.166,1123.78 2 1
github.com/vfarcic/dot-ai-controller/internal/controller/remediationpolicy_controller.go:1123.78,1125.3 1 0
github.com/vfarcic/dot-ai-controller/internal/controller/remediationpolicy_controller.go:1127.2,1130.30 3 1
github.com/vfarcic/dot-ai-controller/internal/controller/remediationpolicy_controller.go:1130.30,1139.3 1 1
github.com/vfarcic/dot-ai-controller/internal/controller/remediationpolicy_controller.go:1139.8,1148.3 1 1
github.com/vfarcic/dot-ai-controller/internal/controller/remediationpolicy_controller.go:1151.2,1152.52 2 1
github.com/vfarcic/dot-ai-controller/internal/controller/remediationpolicy_controller.go:1152.52,1153.47 1 1
github.com/vfarcic/dot-ai-controller/internal/controller/remediationpolicy_controller.go:1153.47,1155.50 1 1
github.com/vfarcic/dot-ai-controller/internal/controller/remediationpolicy_controller.go:1155.50,1158.5 2 0
github.com/vfarcic/dot-ai-controller/internal/controller/remediationpolicy_controller.go:1158.10,1162.5 2 1
github.com/vfarcic/dot-ai-controller/internal/controller/remediationpolicy_controller.go:1163.4,1163.9 1 1
github.com/vfarcic/dot-ai-controller/internal/controller/remediationpolicy_controller.go:1166.2,1166.14 1 1
github.com/vfarcic/dot-ai-controller/internal/controller/remediationpolicy_controller.go:1166.14,1168.3 1 1
github.com/vfarcic/dot-ai-controller/internal/controller/remediationpolicy_controller.go:1171.2,1171.54 1 1
github.com/vfarcic/dot-ai-controller/internal/controller/remediationpolicy_controller.go:1171.54,1173.3 1 0
github.com/vfarcic/dot-ai-controller/internal/controller/remediationpolicy_controller.go:1175.2,1175.12 1 1
github.com/vfarcic/dot-ai-controller/internal/controller/remediationpolicy_controller.go:1179.239,1183.46 2 1
github.com/vfarcic/dot-ai-controller/internal/controller/remediationpolicy_controller.go:1183.46,1186.3 2 1
github.com/vfarcic/dot-ai-controller/internal/controller/remediationpolicy_controller.go:1189.2,1189.83 1 1
github.com/vfarcic/dot-ai-controller/internal/controller/remediationpolicy_controller.go:1189.83,1192.3 2 1
github.com/vfarcic/dot-ai-controller/internal/controller/remediationpolicy_controller.go:1193.2,1193.89 1 1
github.com/vfarcic/dot-ai-controller/internal/controller/remediationpolicy_controller.go:1193.89,1196.3 2 0
github.com/vfarcic/dot-ai-controller/internal/controller/remediationpolicy_controller.go:1199.2,1206.16 2 1
github.com/vfarcic/dot-ai-controller/internal/controller/remediationpolicy_controller.go:1206.16,1209.91 2 1
github.com/vfarcic/dot-ai-controller/internal/controller/remediationpolicy_controller.go:1209.91,1211.4 1 0
github.com/vfarcic/dot-ai-controller/internal/controller/remediationpolicy_controller.go:1212.3,1212.68 1 1
github.com/vfarcic/dot-ai-controller/internal/controller/remediationpolicy_controller.go:1214.2,1214.22 1 1
github.com/vfarcic/dot-ai-controller/internal/controller/remediationpolicy_controller.go:1214.22,1217.3 2 0
github.com/vfarcic/dot-ai-controller/internal/controller/remediationpolicy_controller.go:1220.2,1223.69 2 1
github.com/vfarcic/dot-ai-controller/internal/controller/remediationpolicy_controller.go:1223.69,1227.91 2 1
github.com/vfarcic/dot-ai-controller/internal/controller/remediationpolicy_controller.go:1227.91,1229.4 1 0
github.com/vfarcic/dot-ai-controller/internal/controller/remediationpolicy_controller.go:1230.3,1230.13 1 1
github.com/vfarcic/dot-ai-controller/internal/controller/remediationpolicy_controller.go:1234.2,1234.78 1 1
github.com/vfarcic/dot-ai-controller/internal/controller/remediationpolicy_controller.go:1234.78,1237.3 1 0
github.com/vfarcic/dot-ai-controller/internal/controller/remediationpolicy_controller.go:1239.2,1242.12 2 1
github.com/vfarcic/dot-ai-controller/internal/controller/remediationpolicy_controller.go:1246.222,1250.26 3 1
github.com/vfarcic/dot-ai-controller/internal/controller/remediationpolicy_controller.go:1251.15,1255.72 4 1
github.com/vfarcic/dot-ai-controller/internal/controller/remediationpolicy_controller.go:1257.18,1258.48 1 1
github.com/vfarcic/dot-ai-controller/internal/controller/remediationpolicy_controller.go:1258.48,1260.16 2 1
github.com/vfarcic/dot-ai-controller/internal/controller/remediationpolicy_controller.go:1260.16,1264.5 3 1
github.com/vfarcic/dot-ai-controller/internal/controller/remediationpolicy_controller.go:1264.10,1268.5 3 1
github.com/vfarcic/dot-ai-controller/internal/controller/remediationpolicy_controller.go:1269.9,1273.4 3 1
github.com/vfarcic/dot-ai-controller/internal/controller/remediationpolicy_controller.go:1274.3,1274.88 1 1
github.com/vfarcic/dot-ai-controller/internal/controller/remediationpolicy_controller.go:1277.2,1290.51 2 1
github.com/vfarcic/dot-ai-controller/internal/controller/remediationpolicy_controller.go:1290.51,1292.3 1 1
github.com/vfarcic/dot-ai-controller/internal/controller/remediationpolicy_controller.go:1294.2,1294.16 1 1
github.com/vfarcic/dot-ai-controller/internal/controller/remediationpolicy_controller.go:1298.191,1342.2 2 1
github.com/vfarcic/dot-ai-controller/internal/controller/remediationpolicy_controller.go:1345.220,1358.24 2 1
github.com/vfarcic/dot-ai-controller/internal/controller/remediationpolicy_controller.go:1358.24,1360.26 2 1
github.com/vfarcic/dot-ai-controller/internal/controller/remediationpolicy_controller.go:1360.26,1362.4 1 1
github.com/vfarcic/dot-ai-controller/internal/controller/remediationpolicy_controller.go:1362.9,1364.4 1 1
github.com/vfarcic/dot-ai-controller/internal/controller/remediationpolicy_controller.go:1365.3,1371.5 1 1
github.com/vfarcic/dot-ai-controller/internal/controller/remediationpolicy_controller.go:1375.2,1387.24 3 1
github.com/vfarcic/dot-ai-controller/internal/controller/remediationpolicy_controller.go:1387.24,1390.3 2 1
github.com/vfarcic/dot-ai-controller/internal/controller/remediationpolicy_controller.go:1393.2,1417.15 4 1
github.com/vfarcic/dot-ai-controller/internal/controller/remediationpolicy_controller.go:1421.100,1425.63 3 1
github.com/vfarcic/dot-ai-controller/internal/controller/remediationpolicy_controller.go:1425.63,1430.41 3 1
github.com/vfarcic/dot-ai-controller/internal/controller/remediationpolicy_controller.go:1430.41,1436.4 2 1
github.com/vfarcic/dot-ai-controller/internal/controller/remediationpolicy_controller.go:1438.3,1438.59 1 1
github.com/vfarcic/dot-ai-controller/internal/controller/remediationpolicy_controller.go:1438.59,1443.4 1 1
github.com/vfarcic/dot-ai-controller/internal/controller/remediationpolicy_controller.go:1445.3,1445.26 1 1
github.com/vfarcic/dot-ai-controller/internal/controller/remediationpolicy_controller.go:1445.26,1450.4 1 1
github.com/vfarcic/dot-ai-controller/internal/controller/remediationpolicy_controller.go:1453.3,1453.70 1 1
github.com/vfarcic/dot-ai-controller/internal/controller/remediationpolicy_controller.go:1453.70,1454.78 1 1
github.com/vfarcic/dot-ai-controller/internal/controller/remediationpolicy_controller.go:1454.78,1462.5 1 1
github.com/vfarcic/dot-ai-controller/internal/controller/remediationpolicy_controller.go:1463.4,1463.61 1 1
github.com/vfarcic/dot-ai-controller/internal/controller/remediationpolicy_controller.go:1463.61,1471.5 1 1
github.com/vfarcic/dot-ai-controller/internal/controller/remediationpolicy_controller.go:1475.3,1475.76 1 1
github.com/vfarcic/dot-ai-controller/internal/controller/remediationpolicy_controller.go:1475.76,1476.85 1 1
github.com/vfarcic/dot-ai-controller/internal/controller/remediationpolicy_controller.go:1476.85,1478.18 2 1
github.com/vfarcic/dot-ai-controller/internal/controller/remediationpolicy_controller.go:1478.18,1480.6 1 1
github.com/vfarcic/dot-ai-controller/internal/controller/remediationpolicy_controller.go:1482.5,1491.36 2 1
github.com/vfarcic/dot-ai-controller/internal/controller/remediationpolicy_controller.go:1491.36,1493.17 1 1
github.com/vfarcic/dot-ai-controller/internal/controller/remediationpolicy_controller.go:1493.17,1501.12 2 0
github.com/vfarcic/dot-ai-controller/internal/controller/remediationpolicy_controller.go:1504.6,1504.62 1 1
github.com/vfarcic/dot-ai-controller/internal/controller/remediationpolicy_controller.go:1504.62,1505.68 1 1
github.com/vfarcic/dot-ai-controller/internal/controller/remediationpolicy_controller.go:1505.68,1513.8 1 1
github.com/vfarcic/dot-ai-controller/internal/controller/remediationpolicy_controller.go:1520.3,1520.74 1 1
github.com/vfarcic/dot-ai-controller/internal/controller/remediationpolicy_controller.go:1520.74,1521.55 1 1
github.com/vfarcic/dot-ai-controller/internal/controller/remediationpolicy_controller.go:1521.55,1523.16 2 1
github.com/vfarcic/dot-ai-controller/internal/controller/remediationpolicy_controller.go:1523.16,1525.6 1 1
github.com/vfarcic/dot-ai-controller/internal/controller/remediationpolicy_controller.go:1526.5,1532.7 1 1
github.com/vfarcic/dot-ai-controller/internal/controller/remediationpolicy_controller.go:1537.3,1537.79 1 1
github.com/vfarcic/dot-ai-controller/internal/controller/remediationpolicy_controller.go:1537.79,1545.4 1 1
github.com/vfarcic/dot-ai-controller/internal/controller/remediationpolicy_controller.go:1549.2,1549.54 1 1
github.com/vfarcic/dot-ai-controller/internal/controller/remediationpolicy_controller.go:1549.54,1551.35 2 1
github.com/vfarcic/dot-ai-controller/internal/controller/remediationpolicy_controller.go:1551.35,1553.4 1 1
github.com/vfarcic/dot-ai-controller/internal/controller/remediationpolicy_controller.go:1554.3,1554.39 1 1
github.com/vfarcic/dot-ai-controller/internal/controller/remediationpolicy_controller.go:1554.39,1555.86 1 1
github.com/vfarcic/dot-ai-controller/internal/controller/remediationpolicy_controller.go:1555.86,1557.5 1 1
github.com/vfarcic/dot-ai-controller/internal/controller/remediationpolicy_controller.go:1559.3,1559.22 1 1
github.com/vfarcic/dot-ai-controller/internal/controller/remediationpolicy_controller.go:1559.22,1567.4 1 1
github.com/vfarcic/dot-ai-controller/internal/controller/remediationpolicy_controller.go:1570.2,1570.15 1 1
github.com/vfarcic/dot-ai-controller/internal/controller/remediationpolicy_controller.go:1574.91,1575.63 1 1
github.com/vfarcic/dot-ai-controller/internal/controller/remediationpolicy_controller.go:1575.63,1576.69 1 1
github.com/vfarcic/dot-ai-controller/internal/controller/remediationpolicy_controller.go:1576.69,1578.4 1 1
github.com/vfarcic/dot-ai-controller/internal/controller/remediationpolicy_controller.go:1580.2,1580.14 1 1
github.com/vfarcic/dot-ai-controller/internal/controller/remediationpolicy_controller.go:1584.124,1589.16 3 1
github.com/vfarcic/dot-ai-controller/internal/controller/remediationpolicy_controller.go:1589.16,1591.3 1 0
github.com/vfarcic/dot-ai-controller/internal/controller/remediationpolicy_controller.go:1594.2,1595.16 2 1
github.com/vfarcic/dot-ai-controller/internal/controller/remediationpolicy_controller.go:1595.16,1597.3 1 0
github.com/vfarcic/dot-ai-controller/internal/controller/remediationpolicy_controller.go:1599.2,1603.16 3 1
github.com/vfarcic/dot-ai-controller/internal/controller/remediationpolicy_controller.go:1603.16,1605.3 1 0
github.com/vfarcic/dot-ai-controller/internal/controller/remediationpolicy_controller.go:1606.2,1609.42 2 1
github.com/vfarcic/dot-ai-controller/internal/controller/remediationpolicy_controller.go:1609.42,1612.3 2 1
github.com/vfarcic/dot-ai-controller/internal/controller/remediationpolicy_controller.go:1614.2,1618.12 2 1
github.com/vfarcic/dot-ai-controller/internal/controller/remediationpolicy_controller.go:1684.118,1688.25 2 1
github.com/vfarcic/dot-ai-controller/internal/controller/remediationpolicy_controller.go:1688.25,1690.3 1 1
github.com/vfarcic/dot-ai-controller/internal/controller/remediationpolicy_controller.go:1693.2,1693.74 1 1
github.com/vfarcic/dot-ai-controller/internal/controller/remediationpolicy_controller.go:1693.74,1695.3 1 1
github.com/vfarcic/dot-ai-controller/internal/controller/remediationpolicy_controller.go:1698.2,1698.43 1 1
github.com/vfarcic/dot-ai-controller/internal/controller/remediationpolicy_controller.go:1698.43,1699.48 1 1
github.com/vfarcic/dot-ai-controller/internal/controller/remediationpolicy_controller.go:1699.48,1701.4 1 1
github.com/vfarcic/dot-ai-controller/internal/controller/remediationpolicy_controller.go:1702.3,1702.47 1 1
github.com/vfarcic/dot-ai-controller/internal/controller/remediationpolicy_controller.go:1702.47,1704.4 1 1
github.com/vfarcic/dot-ai-controller/internal/controller/remediationpolicy_controller.go:1708.2,1708.33 1 1
github.com/vfarcic/dot-ai-controller/internal/controller/remediationpolicy_controller.go:1708.33,1709.80 1 1
github.com/vfarcic/dot-ai-controller/internal/controller/remediationpolicy_controller.go:1709.80,1711.4 1 1
github.com/vfarcic/dot-ai-controller/internal/controller/remediationpolicy_controller.go:1714.2,1714.12 1 1
github.com/vfarcic/dot-ai-controller/internal/controller/remediationpolicy_controller.go:1718.244,1722.51 2 1
github.com/vfarcic/dot-ai-controller/internal/controller/remediationpolicy_controller.go:1722.51,1725.3 2 1
github.com/vfarcic/dot-ai-controller/internal/controller/remediationpolicy_controller.go:1728.2,1728.88 1 1
github.com/vfarcic/dot-ai-controller/internal/controller/remediationpolicy_controller.go:1728.88,1731.3 2 1
github.com/vfarcic/dot-ai-controller/internal/controller/remediationpolicy_controller.go:1732.2,1732.94 1 1
github.com/vfarcic/dot-ai-controller/internal/controller/remediationpolicy_controller.go:1732.94,1735.3 2 0
github.com/vfarcic/dot-ai-controller/internal/controller/remediationpolicy_controller.go:1738.2,1745.16 2 1
github.com/vfarcic/dot-ai-controller/internal/controller/remediationpolicy_controller.go:1745.16,1748.91 2 0
github.com/vfarcic/dot-ai-controller/internal/controller/remediationpolicy_controller.go:1748.91,1750.4 1 0
github.com/vfarcic/dot-ai-controller/internal/controller/remediationpolicy_controller.go:1751.3,1751.74 1 0
github.com/vfarcic/dot-ai-controller/internal/controller/remediationpolicy_controller.go:1753.2,1753.22 1 1
github.com/vfarcic/dot-ai-controller/internal/controller/remediationpolicy_controller.go:1753.22,1756.3 2 0
github.com/vfarcic/dot-ai-controller/internal/controller/remediationpolicy_controller.go:1759.2,1762.74 2 1
github.com/vfarcic/dot-ai-controller/internal/controller/remediationpolicy_controller.go:1762.74,1766.91 2 0
github.com/vfarcic/dot-ai-controller/internal/controller/remediationpolicy_controller.go:1766.91,1768.4 1 0
github.com/vfarcic/dot-ai-controller/internal/controller/remediationpolicy_controller.go:1769.3,1769.13 1 0
github.com/vfarcic/dot-ai-controller/internal/controller/remediationpolicy_controller.go:1773.2,1773.78 1 1
github.com/vfarcic/dot-ai-controller/internal/controller/remediationpolicy_controller.go:1773.78,1776.3 1 0
github.com/vfarcic/dot-ai-controller/internal/controller/remediationpolicy_controller.go:1778.2,1780.12 2 1
github.com/vfarcic/dot-ai-controller/internal/controller/remediationpolicy_controller.go:1784.232,1788.26 3 1
github.com/vfarcic/dot-ai-controller/internal/controller/remediationpolicy_controller.go:1789.15,1792.72 3 1
github.com/vfarcic/dot-ai-controller/internal/controller/remediationpolicy_controller.go:1794.18,1795.48 1 1
github.com/vfarcic/dot-ai-controller/internal/controller/remediationpolicy_controller.go:1795.48,1797.16 2 1
github.com/vfarcic/dot-ai-controller/internal/controller/remediationpolicy_controller.go:1797.16,1799.5 1 1
github.com/vfarcic/dot-ai-controller/internal/controller/remediationpolicy_controller.go:1799.10,1801.5 1 0
github.com/vfarcic/dot-ai-controller/internal/controller/remediationpolicy_controller.go:1802.9,1804.4 1 0
github.com/vfarcic/dot-ai-controller/internal/controller/remediationpolicy_controller.go:1805.3,1806.88 2 1
github.com/vfarcic/dot-ai-controller/internal/controller/remediationpolicy_controller.go:1809.2,1823.3 1 1
github.com/vfarcic/dot-ai-controller/internal/controller/remediationpolicy_controller.go:1827.189,1882.2 1 1
github.com/vfarcic/dot-ai-controller/internal/controller/remediationpolicy_controller.go:1885.218,1889.24 2 1
github.com/vfarcic/dot-ai-controller/internal/controller/remediationpolicy_controller.go:1889.24,1891.26 2 1
github.com/vfarcic/dot-ai-controller/internal/controller/remediationpolicy_controller.go:1891.26,1893.4 1 1
github.com/vfarcic/dot-ai-controller/internal/controller/remediationpolicy_controller.go:1893.9,1895.4 1 0
github.com/vfarcic/dot-ai-controller/internal/controller/remediationpolicy_controller.go:1896.3,1905.5 1 1
github.com/vfarcic/dot-ai-controller/internal/controller/remediationpolicy_controller.go:1909.2,1944.24 2 1
github.com/vfarcic/dot-ai-controller/internal/controller/remediationpolicy_controller.go:1944.24,1947.3 2 1
github.com/vfarcic/dot-ai-controller/internal/controller/remediationpolicy_controller.go:1950.2,1972.17 3 1
github.com/vfarcic/dot-ai-controller/internal/controller/remediationpolicy_controller.go:1976.119,1980.63 3 1
github.com/vfarcic/dot-ai-controller/internal/controller/remediationpolicy_controller.go:1980.63,1985.41 3 1
github.com/vfarcic/dot-ai-controller/internal/controller/remediationpolicy_controller.go:1985.41,1994.4 2 1
github.com/vfarcic/dot-ai-controller/internal/controller/remediationpolicy_controller.go:1996.3,1996.59 1 1
github.com/vfarcic/dot-ai-controller/internal/controller/remediationpolicy_controller.go:1996.59,2004.4 1 0
github.com/vfarcic/dot-ai-controller/internal/controller/remediationpolicy_controller.go:2006.3,2006.27 1 1
github.com/vfarcic/dot-ai-controller/internal/controller/remediationpolicy_controller.go:2006.27,2011.4 1 1
github.com/vfarcic/dot-ai-controller/internal/controller/remediationpolicy_controller.go:2014.3,2014.70 1 1
github.com/vfarcic/dot-ai-controller/internal/controller/remediationpolicy_controller.go:2014.70,2016.78 2 0
github.com/vfarcic/dot-ai-controller/internal/controller/remediationpolicy_controller.go:2016.78,2022.5 1 0
github.com/vfarcic/dot-ai-controller/internal/controller/remediationpolicy_controller.go:2023.4,2023.61 1 0
github.com/vfarcic/dot-ai-controller/internal/controller/remediationpolicy_controller.go:2023.61,2030.5 1 0
github.com/vfarcic/dot-ai-controller/internal/controller/remediationpolicy_controller.go:2031.4,2031.32 1 0
github.com/vfarcic/dot-ai-controller/internal/controller/remediationpolicy_controller.go:2031.32,2036.5 1 0
github.com/vfarcic/dot-ai-controller/internal/controller/remediationpolicy_controller.go:2040.3,2040.76 1 1
github.com/vfarcic/dot-ai-controller/internal/controller/remediationpolicy_controller.go:2040.76,2041.85 1 0
github.com/vfarcic/dot-ai-controller/internal/controller/remediationpolicy_controller.go:2041.85,2043.18 2 0
github.com/vfarcic/dot-ai-controller/internal/controller/remediationpolicy_controller.go:2043.18,2045.6 1 0
github.com/vfarcic/dot-ai-controller/internal/controller/remediationpolicy_controller.go:2047.5,2048.36 2 0
github.com/vfarcic/dot-ai-controller/internal/controller/remediationpolicy_controller.go:2048.36,2050.17 1 0
github.com/vfarcic/dot-ai-controller/internal/controller/remediationpolicy_controller.go:2050.17,2056.12 2 0
github.com/vfarcic/dot-ai-controller/internal/controller/remediationpolicy_controller.go:2059.6,2059.62 1 0
github.com/vfarcic/dot-ai-controller/internal/controller/remediationpolicy_controller.go:2059.62,2060.68 1 0
github.com/vfarcic/dot-ai-controller/internal/controller/remediationpolicy_controller.go:2060.68,2066.8 1 0
github.com/vfarcic/dot-ai-controller/internal/controller/remediationpolicy_controller.go:2070.5,2070.28 1 0
github.com/vfarcic/dot-ai-controller/internal/controller/remediationpolicy_controller.go:2070.28,2075.6 1 0
github.com/vfarcic/dot-ai-controller/internal/controller/remediationpolicy_controller.go:2080.3,2080.74 1 1
github.com/vfarcic/dot-ai-controller/internal/controller/remediationpolicy_controller.go:2080.74,2081.55 1 0
github.com/vfarcic/dot-ai-controller/internal/controller/remediationpolicy_controller.go:2081.55,2083.16 2 0
github.com/vfarcic/dot-ai-controller/internal/controller/remediationpolicy_controller.go:2083.16,2085.6 1 0
github.com/vfarcic/dot-ai-controller/internal/controller/remediationpolicy_controller.go:2086.5,2095.7 1 0
github.com/vfarcic/dot-ai-controller/internal/controller/remediationpolicy_controller.go:2100.3,2100.79 1 1
github.com/vfarcic/dot-ai-controller/internal/controller/remediationpolicy_controller.go:2100.79,2112.4 1 0
github.com/vfarcic/dot-ai-controller/internal/controller/remediationpolicy_controller.go:2116.2,2116.54 1 1
github.com/vfarcic/dot-ai-controller/internal/controller/remediationpolicy_controller.go:2116.54,2118.35 2 0
github.com/vfarcic/dot-ai-controller/internal/controller/remediationpolicy_controller.go:2118.35,2126.4 1 0
github.com/vfarcic/dot-ai-controller/internal/controller/remediationpolicy_controller.go:2127.3,2127.39 1 0
github.com/vfarcic/dot-ai-controller/internal/controller/remediationpolicy_controller.go:2127.39,2128.86 1 0
github.com/vfarcic/dot-ai-controller/internal/controller/remediationpolicy_controller.go:2128.86,2134.5 1 0
github.com/vfarcic/dot-ai-controller/internal/controller/remediationpolicy_controller.go:2136.3,2136.28 1 0
github.com/vfarcic/dot-ai-controller/internal/controller/remediationpolicy_controller.go:2136.28,2141.4 1 0
github.com/vfarcic/dot-ai-controller/internal/controller/remediationpolicy_controller.go:2144.2,2144.17 1 1
github.com/vfarcic/dot-ai-controller/internal/controller/remediationpolicy_controller.go:2148.134,2153.16 3 1
github.com/vfarcic/dot-ai-controller/internal/controller/remediationpolicy_controller.go:2153.16,2155.3 1 0
github.com/vfarcic/dot-ai-controller/internal/controller/remediationpolicy_controller.go:2158.2,2159.16 2 1
github.com/vfarcic/dot-ai-controller/internal/controller/remediationpolicy_controller.go:2159.16,2161.3 1 0
github.com/vfarcic/dot-ai-controller/internal/controller/remediationpolicy_controller.go:2163.2,2167.16 3 1
github.com/vfarcic/dot-ai-controller/internal/controller/remediationpolicy_controller.go:2167.16,2169.3 1 0
github.com/vfarcic/dot-ai-controller/internal/controller/remediationpolicy_controller.go:2170.2,2173.42 2 1
github.com/vfarcic/dot-ai-controller/internal/controller/remediationpolicy_controller.go:2173.42,2176.3 2 0
github.com/vfarcic/dot-ai-controller/internal/controller/remediationpolicy_controller.go:2178.2,2182.12 2 1
github.com/vfarcic/dot-ai-controller/internal/controller/remediationpolicy_controller.go:2186.80,2195.2 1 0
github.com/vfarcic/dot-ai-controller/internal/controller/solution_controller.go:59.100,64.66 3 1
github.com/vfarcic/dot-ai-controller/internal/controller/solution_controller.go:64.66,65.32 1 1
github.com/vfarcic/dot-ai-controller/internal/controller/solution_controller.go:65.32,69.4 2 1
github.com/vfarcic/dot-ai-controller/internal/controller/solution_controller.go:70.3,71.28 2 0
github.com/vfarcic/dot-ai-controller/internal/controller/solution_controller.go:74.2,82.45 2 1
github.com/vfarcic/dot-ai-controller/internal/controller/solution_controller.go:82.45,84.68 2 1
github.com/vfarcic/dot-ai-controller/internal/controller/solution_controller.go:84.68,89.4 3 0
github.com/vfarcic/dot-ai-controller/internal/controller/solution_controller.go:90.3,92.28 2 1
github.com/vfarcic/dot-ai-controller/internal/controller/solution_controller.go:96.2,97.66 2 1
github.com/vfarcic/dot-ai-controller/internal/controller/solution_controller.go:97.66,100.3 1 0
github.com/vfarcic/dot-ai-controller/internal/controller/solution_controller.go:103.2,103.63 1 1
github.com/vfarcic/dot-ai-controller/internal/controller/solution_controller.go:103.63,108.3 3 0
github.com/vfarcic/dot-ai-controller/internal/controller/solution_controller.go:110.2,116.57 2 1
github.com/vfarcic/dot-ai-controller/internal/controller/solution_controller.go:120.116,125.80 3 1
github.com/vfarcic/dot-ai-controller/internal/controller/solution_controller.go:125.80,127.3 1 0
github.com/vfarcic/dot-ai-controller/internal/controller/solution_controller.go:130.2,150.54 7 1
github.com/vfarcic/dot-ai-controller/internal/controller/solution_controller.go:150.54,152.3 1 0
github.com/vfarcic/dot-ai-controller/internal/controller/solution_controller.go:154.2,159.12 2 1
github.com/vfarcic/dot-ai-controller/internal/controller/solution_controller.go:163.112,172.53 6 1
github.com/vfarcic/dot-ai-controller/internal/controller/solution_controller.go:172.53,173.18 1 1
github.com/vfarcic/dot-ai-controller/internal/controller/solution_controller.go:173.18,176.24 2 0
github.com/vfarcic/dot-ai-controller/internal/controller/solution_controller.go:176.24,178.5 1 0
github.com/vfarcic/dot-ai-controller/internal/controller/solution_controller.go:180.4,182.21 3 0
github.com/vfarcic/dot-ai-controller/internal/controller/solution_controller.go:186.3,187.81 2 1
github.com/vfarcic/dot-ai-controller/internal/controller/solution_controller.go:187.81,189.12 2 0
github.com/vfarcic/dot-ai-controller/internal/controller/solution_controller.go:193.3,200.44 5 1
github.com/vfarcic/dot-ai-controller/internal/controller/solution_controller.go:200.44,202.27 1 1
github.com/vfarcic/dot-ai-controller/internal/controller/solution_controller.go:202.27,204.5 1 0
github.com/vfarcic/dot-ai-controller/internal/controller/solution_controller.go:207.4,208.18 2 1
github.com/vfarcic/dot-ai-controller/internal/controller/solution_controller.go:208.18,209.34 1 1
github.com/vfarcic/dot-ai-controller/internal/controller/solution_controller.go:209.34,214.14 3 1
github.com/vfarcic/dot-ai-controller/internal/controller/solution_controller.go:217.5,221.13 2 0
github.com/vfarcic/dot-ai-controller/internal/controller/solution_controller.go:225.4,226.13 2 1
github.com/vfarcic/dot-ai-controller/internal/controller/solution_controller.go:226.13,232.5 2 1
github.com/vfarcic/dot-ai-controller/internal/controller/solution_controller.go:232.10,238.5 2 1
github.com/vfarcic/dot-ai-controller/internal/controller/solution_controller.go:242.3,247.55 4 1
github.com/vfarcic/dot-ai-controller/internal/controller/solution_controller.go:247.55,249.4 1 1
github.com/vfarcic/dot-ai-controller/internal/controller/solution_controller.go:249.9,249.29 1 1
github.com/vfarcic/dot-ai-controller/internal/controller/solution_controller.go:249.29,251.4 1 1
github.com/vfarcic/dot-ai-controller/internal/controller/solution_controller.go:251.9,253.4 1 0
github.com/vfarcic/dot-ai-controller/internal/controller/solution_controller.go:256.3,259.39 3 1
github.com/vfarcic/dot-ai-controller/internal/controller/solution_controller.go:259.39,267.4 1 1
github.com/vfarcic/dot-ai-controller/internal/controller/solution_controller.go:267.9,275.4 1 1
github.com/vfarcic/dot-ai-controller/internal/controller/solution_controller.go:278.3,279.53 2 1
github.com/vfarcic/dot-ai-controller/internal/controller/solution_controller.go:279.53,280.33 1 1
github.com/vfarcic/dot-ai-controller/internal/controller/solution_controller.go:280.33,283.10 3 1
github.com/vfarcic/dot-ai-controller/internal/controller/solution_controller.go:286.3,286.15 1 1
github.com/vfarcic/dot-ai-controller/internal/controller/solution_controller.go:286.15,288.4 1 0
github.com/vfarcic/dot-ai-controller/internal/controller/solution_controller.go:291.3,291.55 1 1
github.com/vfarcic/dot-ai-controller/internal/controller/solution_controller.go:291.55,292.33 1 0
github.com/vfarcic/dot-ai-controller/internal/controller/solution_controller.go:292.33,298.13 3 0
github.com/vfarcic/dot-ai-controller/internal/controller/solution_controller.go:301.4,301.57 1 0
github.com/vfarcic/dot-ai-controller/internal/controller/solution_controller.go:305.3,305.13 1 1
github.com/vfarcic/dot-ai-controller/internal/controller/solution_controller.go:309.2,309.91 1 0
github.com/vfarcic/dot-ai-controller/internal/controller/solution_controller.go:313.136,316.16 2 1
github.com/vfarcic/dot-ai-controller/internal/controller/solution_controller.go:316.16,318.3 1 0
github.com/vfarcic/dot-ai-controller/internal/controller/solution_controller.go:321.2,338.45 5 1
github.com/vfarcic/dot-ai-controller/internal/controller/solution_controller.go:338.45,340.3 1 1
github.com/vfarcic/dot-ai-controller/internal/controller/solution_controller.go:342.2,342.17 1 1
github.com/vfarcic/dot-ai-controller/internal/controller/solution_controller.go:346.149,349.31 2 1
github.com/vfarcic/dot-ai-controller/internal/controller/solution_controller.go:349.31,350.32 1 0
github.com/vfarcic/dot-ai-controller/internal/controller/solution_controller.go:350.32,353.4 1 0
github.com/vfarcic/dot-ai-controller/internal/controller/solution_controller.go:357.2,370.48 3 1
github.com/vfarcic/dot-ai-controller/internal/controller/solution_controller.go:370.48,372.3 1 0
github.com/vfarcic/dot-ai-controller/internal/controller/solution_controller.go:374.2,374.12 1 1
github.com/vfarcic/dot-ai-controller/internal/controller/solution_controller.go:382.115,384.70 1 1
github.com/vfarcic/dot-ai-controller/internal/controller/solution_controller.go:384.70,386.3 1 1
github.com/vfarcic/dot-ai-controller/internal/controller/solution_controller.go:389.2,389.67 1 1
github.com/vfarcic/dot-ai-controller/internal/controller/solution_controller.go:389.67,391.3 1 0
github.com/vfarcic/dot-ai-controller/internal/controller/solution_controller.go:394.2,394.31 1 1
github.com/vfarcic/dot-ai-controller/internal/controller/solution_controller.go:398.129,400.50 2 1
github.com/vfarcic/dot-ai-controller/internal/controller/solution_controller.go:400.50,402.3 1 1
github.com/vfarcic/dot-ai-controller/internal/controller/solution_controller.go:405.2,407.47 2 1
github.com/vfarcic/dot-ai-controller/internal/controller/solution_controller.go:407.47,408.35 1 1
github.com/vfarcic/dot-ai-controller/internal/controller/solution_controller.go:408.35,410.11 2 1
github.com/vfarcic/dot-ai-controller/internal/controller/solution_controller.go:410.11,411.13 1 0
github.com/vfarcic/dot-ai-controller/internal/controller/solution_controller.go:414.4,417.33 3 1
github.com/vfarcic/dot-ai-controller/internal/controller/solution_controller.go:417.33,418.34 1 1
github.com/vfarcic/dot-ai-controller/internal/controller/solution_controller.go:418.34,420.6 1 1
github.com/vfarcic/dot-ai-controller/internal/controller/solution_controller.go:422.5,422.72 1 1
github.com/vfarcic/dot-ai-controller/internal/controller/solution_controller.go:428.2,428.40 1 0
github.com/vfarcic/dot-ai-controller/internal/controller/solution_controller.go:432.126,435.31 2 1
github.com/vfarcic/dot-ai-controller/internal/controller/solution_controller.go:435.31,438.32 2 1
github.com/vfarcic/dot-ai-controller/internal/controller/solution_controller.go:438.32,441.33 2 1
github.com/vfarcic/dot-ai-controller/internal/controller/solution_controller.go:441.33,443.5 1 1
github.com/vfarcic/dot-ai-controller/internal/controller/solution_controller.go:448.2,449.34 2 0
github.com/vfarcic/dot-ai-controller/internal/controller/solution_controller.go:449.34,452.35 2 0
github.com/vfarcic/dot-ai-controller/internal/controller/solution_controller.go:452.35,455.4 1 0
github.com/vfarcic/dot-ai-controller/internal/controller/solution_controller.go:458.2,458.31 1 0
github.com/vfarcic/dot-ai-controller/internal/controller/solution_controller.go:458.31,460.3 1 0
github.com/vfarcic/dot-ai-controller/internal/controller/solution_controller.go:462.2,462.77 1 0
github.com/vfarcic/dot-ai-controller/internal/controller/solution_controller.go:466.115,469.46 2 1
github.com/vfarcic/dot-ai-controller/internal/controller/solution_controller.go:469.46,471.26 1 1
github.com/vfarcic/dot-ai-controller/internal/controller/solution_controller.go:471.26,473.4 1 0
github.com/vfarcic/dot-ai-controller/internal/controller/solution_controller.go:476.3,477.17 2 1
github.com/vfarcic/dot-ai-controller/internal/controller/solution_controller.go:477.17,478.33 1 1
github.com/vfarcic/dot-ai-controller/internal/controller/solution_controller.go:478.33,483.13 2 1
github.com/vfarcic/dot-ai-controller/internal/controller/solution_controller.go:485.4,485.34 1 0
github.com/vfarcic/dot-ai-controller/internal/controller/solution_controller.go:485.34,493.13 3 0
github.com/vfarcic/dot-ai-controller/internal/controller/solution_controller.go:496.4,500.12 2 0
github.com/vfarcic/dot-ai-controller/internal/controller/solution_controller.go:504.3,504.73 1 1
github.com/vfarcic/dot-ai-controller/internal/controller/solution_controller.go:504.73,511.12 3 0
github.com/vfarcic/dot-ai-controller/internal/controller/solution_controller.go:514.3,517.31 1 1
github.com/vfarcic/dot-ai-controller/internal/controller/solution_controller.go:520.2,520.12 1 1
github.com/vfarcic/dot-ai-controller/internal/controller/solution_controller.go:524.71,529.2 1 0
