mode: set
github.com/vfarcic/dot-ai-controller/api/v1alpha1/remediationpolicy_types.go:246.13,248.2 1 0
github.com/vfarcic/dot-ai-controller/api/v1alpha1/zz_generated.deepcopy.go:29.59,31.35 2 0
github.com/vfarcic/dot-ai-controller/api/v1alpha1/zz_generated.deepcopy.go:31.35,35.3 3 0
github.com/vfarcic/dot-ai-controller/api/v1alpha1/zz_generated.deepcopy.go:39.52,40.15 1 0
github.com/vfarcic/dot-ai-controller/api/v1alpha1/zz_generated.deepcopy.go:40.15,42.3 1 0
github.com/vfarcic/dot-ai-controller/api/v1alpha1/zz_generated.deepcopy.go:43.2,45.12 3 0
github.com/vfarcic/dot-ai-controller/api/v1alpha1/zz_generated.deepcopy.go:49.53,51.35 2 0
github.com/vfarcic/dot-ai-controller/api/v1alpha1/zz_generated.deepcopy.go:51.35,55.3 3 0
github.com/vfarcic/dot-ai-controller/api/v1alpha1/zz_generated.deepcopy.go:59.46,60.15 1 0
github.com/vfarcic/dot-ai-controller/api/v1alpha1/zz_generated.deepcopy.go:60.15,62.3 1 0
github.com/vfarcic/dot-ai-controller/api/v1alpha1/zz_generated.deepcopy.go:63.2,65.12 3 0
github.com/vfarcic/dot-ai-controller/api/v1alpha1/zz_generated.deepcopy.go:69.69,72.2 2 0
github.com/vfarcic/dot-ai-controller/api/v1alpha1/zz_generated.deepcopy.go:75.62,76.15 1 0
github.com/vfarcic/dot-ai-controller/api/v1alpha1/zz_generated.deepcopy.go:76.15,78.3 1 0
github.com/vfarcic/dot-ai-controller/api/v1alpha1/zz_generated.deepcopy.go:79.2,81.12 3 0
github.com/vfarcic/dot-ai-controller/api/v1alpha1/zz_generated.deepcopy.go:85.57,87.2 1 0
github.com/vfarcic/dot-ai-controller/api/v1alpha1/zz_generated.deepcopy.go:90.50,91.15 1 0
github.com/vfarcic/dot-ai-controller/api/v1alpha1/zz_generated.deepcopy.go:91.15,93.3 1 0
github.com/vfarcic/dot-ai-controller/api/v1alpha1/zz_generated.deepcopy.go:94.2,96.12 3 0
github.com/vfarcic/dot-ai-controller/api/v1alpha1/zz_generated.deepcopy.go:100.67,106.2 5 0
github.com/vfarcic/dot-ai-controller/api/v1alpha1/zz_generated.deepcopy.go:109.60,110.15 1 0
github.com/vfarcic/dot-ai-controller/api/v1alpha1/zz_generated.deepcopy.go:110.15,112.3 1 0
github.com/vfarcic/dot-ai-controller/api/v1alpha1/zz_generated.deepcopy.go:113.2,115.12 3 0
github.com/vfarcic/dot-ai-controller/api/v1alpha1/zz_generated.deepcopy.go:119.62,120.34 1 0
github.com/vfarcic/dot-ai-controller/api/v1alpha1/zz_generated.deepcopy.go:120.34,122.3 1 0
github.com/vfarcic/dot-ai-controller/api/v1alpha1/zz_generated.deepcopy.go:123.2,123.12 1 0
github.com/vfarcic/dot-ai-controller/api/v1alpha1/zz_generated.deepcopy.go:127.75,131.21 4 0
github.com/vfarcic/dot-ai-controller/api/v1alpha1/zz_generated.deepcopy.go:131.21,134.22 3 0
github.com/vfarcic/dot-ai-controller/api/v1alpha1/zz_generated.deepcopy.go:134.22,136.4 1 0
github.com/vfarcic/dot-ai-controller/api/v1alpha1/zz_generated.deepcopy.go:141.68,142.15 1 0
github.com/vfarcic/dot-ai-controller/api/v1alpha1/zz_generated.deepcopy.go:142.15,144.3 1 0
github.com/vfarcic/dot-ai-controller/api/v1alpha1/zz_generated.deepcopy.go:145.2,147.12 3 0
github.com/vfarcic/dot-ai-controller/api/v1alpha1/zz_generated.deepcopy.go:151.66,152.34 1 0
github.com/vfarcic/dot-ai-controller/api/v1alpha1/zz_generated.deepcopy.go:152.34,154.3 1 0
github.com/vfarcic/dot-ai-controller/api/v1alpha1/zz_generated.deepcopy.go:155.2,155.12 1 0
github.com/vfarcic/dot-ai-controller/api/v1alpha1/zz_generated.deepcopy.go:159.75,161.30 2 0
github.com/vfarcic/dot-ai-controller/api/v1alpha1/zz_generated.deepcopy.go:161.30,164.22 3 0
github.com/vfarcic/dot-ai-controller/api/v1alpha1/zz_generated.deepcopy.go:164.22,166.4 1 0
github.com/vfarcic/dot-ai-controller/api/v1alpha1/zz_generated.deepcopy.go:168.2,168.35 1 0
github.com/vfarcic/dot-ai-controller/api/v1alpha1/zz_generated.deepcopy.go:168.35,172.3 3 0
github.com/vfarcic/dot-ai-controller/api/v1alpha1/zz_generated.deepcopy.go:173.2,174.38 2 0
github.com/vfarcic/dot-ai-controller/api/v1alpha1/zz_generated.deepcopy.go:178.68,179.15 1 0
github.com/vfarcic/dot-ai-controller/api/v1alpha1/zz_generated.deepcopy.go:179.15,181.3 1 0
github.com/vfarcic/dot-ai-controller/api/v1alpha1/zz_generated.deepcopy.go:182.2,184.12 3 0
github.com/vfarcic/dot-ai-controller/api/v1alpha1/zz_generated.deepcopy.go:188.79,190.34 2 0
github.com/vfarcic/dot-ai-controller/api/v1alpha1/zz_generated.deepcopy.go:190.34,193.3 2 0
github.com/vfarcic/dot-ai-controller/api/v1alpha1/zz_generated.deepcopy.go:194.2,194.39 1 0
github.com/vfarcic/dot-ai-controller/api/v1alpha1/zz_generated.deepcopy.go:194.39,197.3 2 0
github.com/vfarcic/dot-ai-controller/api/v1alpha1/zz_generated.deepcopy.go:198.2,198.36 1 0
github.com/vfarcic/dot-ai-controller/api/v1alpha1/zz_generated.deepcopy.go:198.36,201.3 2 0
github.com/vfarcic/dot-ai-controller/api/v1alpha1/zz_generated.deepcopy.go:202.2,202.26 1 0
github.com/vfarcic/dot-ai-controller/api/v1alpha1/zz_generated.deepcopy.go:202.26,205.22 3 0
github.com/vfarcic/dot-ai-controller/api/v1alpha1/zz_generated.deepcopy.go:205.22,207.4 1 0
github.com/vfarcic/dot-ai-controller/api/v1alpha1/zz_generated.deepcopy.go:212.72,213.15 1 0
github.com/vfarcic/dot-ai-controller/api/v1alpha1/zz_generated.deepcopy.go:213.15,215.3 1 0
github.com/vfarcic/dot-ai-controller/api/v1alpha1/zz_generated.deepcopy.go:216.2,218.12 3 0
github.com/vfarcic/dot-ai-controller/api/v1alpha1/zz_generated.deepcopy.go:222.55,224.2 1 0
github.com/vfarcic/dot-ai-controller/api/v1alpha1/zz_generated.deepcopy.go:227.48,228.15 1 0
github.com/vfarcic/dot-ai-controller/api/v1alpha1/zz_generated.deepcopy.go:228.15,230.3 1 0
github.com/vfarcic/dot-ai-controller/api/v1alpha1/zz_generated.deepcopy.go:231.2,233.12 3 0
github.com/vfarcic/dot-ai-controller/cmd/main.go:52.13,57.2 2 0
github.com/vfarcic/dot-ai-controller/cmd/main.go:60.13,100.38 24 0
github.com/vfarcic/dot-ai-controller/cmd/main.go:100.38,103.3 2 0
github.com/vfarcic/dot-ai-controller/cmd/main.go:105.2,105.18 1 0
github.com/vfarcic/dot-ai-controller/cmd/main.go:105.18,107.3 1 0
github.com/vfarcic/dot-ai-controller/cmd/main.go:110.2,115.30 3 0
github.com/vfarcic/dot-ai-controller/cmd/main.go:115.30,124.17 4 0
github.com/vfarcic/dot-ai-controller/cmd/main.go:124.17,127.4 2 0
github.com/vfarcic/dot-ai-controller/cmd/main.go:129.3,129.68 1 0
github.com/vfarcic/dot-ai-controller/cmd/main.go:129.68,131.4 1 0
github.com/vfarcic/dot-ai-controller/cmd/main.go:134.2,148.19 3 0
github.com/vfarcic/dot-ai-controller/cmd/main.go:148.19,154.3 1 0
github.com/vfarcic/dot-ai-controller/cmd/main.go:164.2,164.30 1 0
github.com/vfarcic/dot-ai-controller/cmd/main.go:164.30,173.17 4 0
github.com/vfarcic/dot-ai-controller/cmd/main.go:173.17,176.4 2 0
github.com/vfarcic/dot-ai-controller/cmd/main.go:178.3,178.96 1 0
github.com/vfarcic/dot-ai-controller/cmd/main.go:178.96,180.4 1 0
github.com/vfarcic/dot-ai-controller/cmd/main.go:183.2,202.16 2 0
github.com/vfarcic/dot-ai-controller/cmd/main.go:202.16,205.3 2 0
github.com/vfarcic/dot-ai-controller/cmd/main.go:209.2,224.39 2 0
github.com/vfarcic/dot-ai-controller/cmd/main.go:224.39,227.3 2 0
github.com/vfarcic/dot-ai-controller/cmd/main.go:230.2,230.31 1 0
github.com/vfarcic/dot-ai-controller/cmd/main.go:230.31,232.53 2 0
github.com/vfarcic/dot-ai-controller/cmd/main.go:232.53,235.4 2 0
github.com/vfarcic/dot-ai-controller/cmd/main.go:238.2,238.31 1 0
github.com/vfarcic/dot-ai-controller/cmd/main.go:238.31,240.53 2 0
github.com/vfarcic/dot-ai-controller/cmd/main.go:240.53,243.4 2 0
github.com/vfarcic/dot-ai-controller/cmd/main.go:246.2,246.69 1 0
github.com/vfarcic/dot-ai-controller/cmd/main.go:246.69,249.3 2 0
github.com/vfarcic/dot-ai-controller/cmd/main.go:250.2,250.67 1 0
github.com/vfarcic/dot-ai-controller/cmd/main.go:250.67,253.3 2 0
github.com/vfarcic/dot-ai-controller/cmd/main.go:255.2,256.61 2 0
github.com/vfarcic/dot-ai-controller/cmd/main.go:256.61,259.3 2 0
github.com/vfarcic/dot-ai-controller/test/utils/utils.go:39.27,41.2 1 0
github.com/vfarcic/dot-ai-controller/test/utils/utils.go:44.41,48.42 3 0
github.com/vfarcic/dot-ai-controller/test/utils/utils.go:48.42,50.3 1 0
github.com/vfarcic/dot-ai-controller/test/utils/utils.go:52.2,56.16 5 0
github.com/vfarcic/dot-ai-controller/test/utils/utils.go:56.16,58.3 1 0
github.com/vfarcic/dot-ai-controller/test/utils/utils.go:60.2,60.28 1 0
github.com/vfarcic/dot-ai-controller/test/utils/utils.go:64.40,69.2 4 0
github.com/vfarcic/dot-ai-controller/test/utils/utils.go:72.36,75.36 3 0
github.com/vfarcic/dot-ai-controller/test/utils/utils.go:75.36,77.3 1 0
github.com/vfarcic/dot-ai-controller/test/utils/utils.go:82.39,92.16 4 0
github.com/vfarcic/dot-ai-controller/test/utils/utils.go:92.16,94.3 1 0
github.com/vfarcic/dot-ai-controller/test/utils/utils.go:95.2,96.37 2 0
github.com/vfarcic/dot-ai-controller/test/utils/utils.go:96.37,97.32 1 0
github.com/vfarcic/dot-ai-controller/test/utils/utils.go:97.32,98.35 1 0
github.com/vfarcic/dot-ai-controller/test/utils/utils.go:98.35,100.5 1 0
github.com/vfarcic/dot-ai-controller/test/utils/utils.go:104.2,104.14 1 0
github.com/vfarcic/dot-ai-controller/test/utils/utils.go:108.29,111.36 3 0
github.com/vfarcic/dot-ai-controller/test/utils/utils.go:111.36,113.3 1 0
github.com/vfarcic/dot-ai-controller/test/utils/utils.go:116.2,120.41 2 0
github.com/vfarcic/dot-ai-controller/test/utils/utils.go:120.41,123.37 2 0
github.com/vfarcic/dot-ai-controller/test/utils/utils.go:123.37,125.4 1 0
github.com/vfarcic/dot-ai-controller/test/utils/utils.go:130.33,133.36 3 0
github.com/vfarcic/dot-ai-controller/test/utils/utils.go:133.36,135.3 1 0
github.com/vfarcic/dot-ai-controller/test/utils/utils.go:138.2,145.12 3 0
github.com/vfarcic/dot-ai-controller/test/utils/utils.go:150.40,164.16 4 0
github.com/vfarcic/dot-ai-controller/test/utils/utils.go:164.16,166.3 1 0
github.com/vfarcic/dot-ai-controller/test/utils/utils.go:169.2,170.38 2 0
github.com/vfarcic/dot-ai-controller/test/utils/utils.go:170.38,171.32 1 0
github.com/vfarcic/dot-ai-controller/test/utils/utils.go:171.32,172.35 1 0
github.com/vfarcic/dot-ai-controller/test/utils/utils.go:172.35,174.5 1 0
github.com/vfarcic/dot-ai-controller/test/utils/utils.go:178.2,178.14 1 0
github.com/vfarcic/dot-ai-controller/test/utils/utils.go:182.56,184.47 2 0
github.com/vfarcic/dot-ai-controller/test/utils/utils.go:184.47,186.3 1 0
github.com/vfarcic/dot-ai-controller/test/utils/utils.go:187.2,190.12 4 0
github.com/vfarcic/dot-ai-controller/test/utils/utils.go:195.47,198.35 3 0
github.com/vfarcic/dot-ai-controller/test/utils/utils.go:198.35,199.20 1 0
github.com/vfarcic/dot-ai-controller/test/utils/utils.go:199.20,201.4 1 0
github.com/vfarcic/dot-ai-controller/test/utils/utils.go:204.2,204.12 1 0
github.com/vfarcic/dot-ai-controller/test/utils/utils.go:208.38,210.16 2 0
github.com/vfarcic/dot-ai-controller/test/utils/utils.go:210.16,212.3 1 0
github.com/vfarcic/dot-ai-controller/test/utils/utils.go:213.2,214.16 2 0
github.com/vfarcic/dot-ai-controller/test/utils/utils.go:219.59,223.16 2 0
github.com/vfarcic/dot-ai-controller/test/utils/utils.go:223.16,225.3 1 0
github.com/vfarcic/dot-ai-controller/test/utils/utils.go:226.2,229.13 3 0
github.com/vfarcic/dot-ai-controller/test/utils/utils.go:229.13,231.3 1 0
github.com/vfarcic/dot-ai-controller/test/utils/utils.go:233.2,235.16 3 0
github.com/vfarcic/dot-ai-controller/test/utils/utils.go:235.16,237.3 1 0
github.com/vfarcic/dot-ai-controller/test/utils/utils.go:239.2,240.21 2 0
github.com/vfarcic/dot-ai-controller/test/utils/utils.go:240.21,242.3 1 0
github.com/vfarcic/dot-ai-controller/test/utils/utils.go:243.2,243.6 1 0
github.com/vfarcic/dot-ai-controller/test/utils/utils.go:243.6,244.87 1 0
github.com/vfarcic/dot-ai-controller/test/utils/utils.go:244.87,246.4 1 0
github.com/vfarcic/dot-ai-controller/test/utils/utils.go:248.3,248.22 1 0
github.com/vfarcic/dot-ai-controller/test/utils/utils.go:248.22,249.9 1 0
github.com/vfarcic/dot-ai-controller/test/utils/utils.go:251.3,251.49 1 0
github.com/vfarcic/dot-ai-controller/test/utils/utils.go:251.49,253.4 1 0
github.com/vfarcic/dot-ai-controller/test/utils/utils.go:256.2,256.63 1 0
github.com/vfarcic/dot-ai-controller/test/utils/utils.go:256.63,258.3 1 0
github.com/vfarcic/dot-ai-controller/test/utils/utils.go:262.2,262.65 1 0
github.com/vfarcic/dot-ai-controller/test/utils/utils.go:262.65,264.3 1 0
github.com/vfarcic/dot-ai-controller/test/utils/utils.go:266.2,266.12 1 0
github.com/vfarcic/dot-ai-controller/internal/controller/remediationpolicy_controller.go:72.79,74.2 1 1
github.com/vfarcic/dot-ai-controller/internal/controller/remediationpolicy_controller.go:77.78,82.2 4 1
github.com/vfarcic/dot-ai-controller/internal/controller/remediationpolicy_controller.go:85.124,90.2 1 1
github.com/vfarcic/dot-ai-controller/internal/controller/remediationpolicy_controller.go:93.130,94.100 1 1
github.com/vfarcic/dot-ai-controller/internal/controller/remediationpolicy_controller.go:94.100,97.3 1 0
github.com/vfarcic/dot-ai-controller/internal/controller/remediationpolicy_controller.go:99.2,106.87 5 1
github.com/vfarcic/dot-ai-controller/internal/controller/remediationpolicy_controller.go:106.87,109.3 2 1
github.com/vfarcic/dot-ai-controller/internal/controller/remediationpolicy_controller.go:112.2,112.50 1 1
github.com/vfarcic/dot-ai-controller/internal/controller/remediationpolicy_controller.go:112.50,114.33 1 1
github.com/vfarcic/dot-ai-controller/internal/controller/remediationpolicy_controller.go:114.33,116.4 1 1
github.com/vfarcic/dot-ai-controller/internal/controller/remediationpolicy_controller.go:119.3,120.14 2 1
github.com/vfarcic/dot-ai-controller/internal/controller/remediationpolicy_controller.go:120.14,122.4 1 1
github.com/vfarcic/dot-ai-controller/internal/controller/remediationpolicy_controller.go:125.3,127.27 3 1
github.com/vfarcic/dot-ai-controller/internal/controller/remediationpolicy_controller.go:127.27,128.29 1 0
github.com/vfarcic/dot-ai-controller/internal/controller/remediationpolicy_controller.go:128.29,130.5 1 0
github.com/vfarcic/dot-ai-controller/internal/controller/remediationpolicy_controller.go:134.3,134.69 1 1
github.com/vfarcic/dot-ai-controller/internal/controller/remediationpolicy_controller.go:134.69,137.4 1 0
github.com/vfarcic/dot-ai-controller/internal/controller/remediationpolicy_controller.go:140.3,144.51 3 1
github.com/vfarcic/dot-ai-controller/internal/controller/remediationpolicy_controller.go:144.51,145.33 1 1
github.com/vfarcic/dot-ai-controller/internal/controller/remediationpolicy_controller.go:145.33,147.5 1 1
github.com/vfarcic/dot-ai-controller/internal/controller/remediationpolicy_controller.go:148.4,148.108 1 1
github.com/vfarcic/dot-ai-controller/internal/controller/remediationpolicy_controller.go:152.2,152.18 1 1
github.com/vfarcic/dot-ai-controller/internal/controller/remediationpolicy_controller.go:156.75,159.30 3 1
github.com/vfarcic/dot-ai-controller/internal/controller/remediationpolicy_controller.go:159.30,161.3 1 1
github.com/vfarcic/dot-ai-controller/internal/controller/remediationpolicy_controller.go:162.2,162.42 1 1
github.com/vfarcic/dot-ai-controller/internal/controller/remediationpolicy_controller.go:166.84,170.30 3 1
github.com/vfarcic/dot-ai-controller/internal/controller/remediationpolicy_controller.go:170.30,172.3 1 1
github.com/vfarcic/dot-ai-controller/internal/controller/remediationpolicy_controller.go:174.2,175.50 2 1
github.com/vfarcic/dot-ai-controller/internal/controller/remediationpolicy_controller.go:175.50,176.36 1 1
github.com/vfarcic/dot-ai-controller/internal/controller/remediationpolicy_controller.go:176.36,178.4 1 1
github.com/vfarcic/dot-ai-controller/internal/controller/remediationpolicy_controller.go:183.120,184.54 1 1
github.com/vfarcic/dot-ai-controller/internal/controller/remediationpolicy_controller.go:184.54,185.41 1 1
github.com/vfarcic/dot-ai-controller/internal/controller/remediationpolicy_controller.go:185.41,187.4 1 1
github.com/vfarcic/dot-ai-controller/internal/controller/remediationpolicy_controller.go:189.2,189.14 1 1
github.com/vfarcic/dot-ai-controller/internal/controller/remediationpolicy_controller.go:193.163,194.54 1 1
github.com/vfarcic/dot-ai-controller/internal/controller/remediationpolicy_controller.go:194.54,195.41 1 1
github.com/vfarcic/dot-ai-controller/internal/controller/remediationpolicy_controller.go:195.41,197.4 1 1
github.com/vfarcic/dot-ai-controller/internal/controller/remediationpolicy_controller.go:199.2,199.45 1 1
github.com/vfarcic/dot-ai-controller/internal/controller/remediationpolicy_controller.go:203.142,204.25 1 1
github.com/vfarcic/dot-ai-controller/internal/controller/remediationpolicy_controller.go:204.25,206.3 1 1
github.com/vfarcic/dot-ai-controller/internal/controller/remediationpolicy_controller.go:207.2,207.28 1 1
github.com/vfarcic/dot-ai-controller/internal/controller/remediationpolicy_controller.go:207.28,209.3 1 1
github.com/vfarcic/dot-ai-controller/internal/controller/remediationpolicy_controller.go:210.2,210.17 1 1
github.com/vfarcic/dot-ai-controller/internal/controller/remediationpolicy_controller.go:214.158,215.41 1 1
github.com/vfarcic/dot-ai-controller/internal/controller/remediationpolicy_controller.go:215.41,217.3 1 1
github.com/vfarcic/dot-ai-controller/internal/controller/remediationpolicy_controller.go:218.2,218.44 1 1
github.com/vfarcic/dot-ai-controller/internal/controller/remediationpolicy_controller.go:218.44,220.3 1 1
github.com/vfarcic/dot-ai-controller/internal/controller/remediationpolicy_controller.go:221.2,221.12 1 1
github.com/vfarcic/dot-ai-controller/internal/controller/remediationpolicy_controller.go:225.150,226.33 1 1
github.com/vfarcic/dot-ai-controller/internal/controller/remediationpolicy_controller.go:226.33,228.3 1 1
github.com/vfarcic/dot-ai-controller/internal/controller/remediationpolicy_controller.go:229.2,229.36 1 1
github.com/vfarcic/dot-ai-controller/internal/controller/remediationpolicy_controller.go:229.36,231.3 1 1
github.com/vfarcic/dot-ai-controller/internal/controller/remediationpolicy_controller.go:232.2,232.14 1 1
github.com/vfarcic/dot-ai-controller/internal/controller/remediationpolicy_controller.go:236.92,238.72 1 1
github.com/vfarcic/dot-ai-controller/internal/controller/remediationpolicy_controller.go:238.72,241.87 2 1
github.com/vfarcic/dot-ai-controller/internal/controller/remediationpolicy_controller.go:241.87,244.4 1 1
github.com/vfarcic/dot-ai-controller/internal/controller/remediationpolicy_controller.go:246.3,247.43 2 1
github.com/vfarcic/dot-ai-controller/internal/controller/remediationpolicy_controller.go:247.43,249.4 1 1
github.com/vfarcic/dot-ai-controller/internal/controller/remediationpolicy_controller.go:251.3,252.25 2 1
github.com/vfarcic/dot-ai-controller/internal/controller/remediationpolicy_controller.go:252.25,254.4 1 1
github.com/vfarcic/dot-ai-controller/internal/controller/remediationpolicy_controller.go:254.9,256.4 1 1
github.com/vfarcic/dot-ai-controller/internal/controller/remediationpolicy_controller.go:259.3,259.26 1 1
github.com/vfarcic/dot-ai-controller/internal/controller/remediationpolicy_controller.go:259.26,261.4 1 1
github.com/vfarcic/dot-ai-controller/internal/controller/remediationpolicy_controller.go:263.3,263.18 1 1
github.com/vfarcic/dot-ai-controller/internal/controller/remediationpolicy_controller.go:267.2,267.59 1 1
github.com/vfarcic/dot-ai-controller/internal/controller/remediationpolicy_controller.go:271.184,280.34 3 1
github.com/vfarcic/dot-ai-controller/internal/controller/remediationpolicy_controller.go:280.34,284.3 3 1
github.com/vfarcic/dot-ai-controller/internal/controller/remediationpolicy_controller.go:286.2,286.16 1 1
github.com/vfarcic/dot-ai-controller/internal/controller/remediationpolicy_controller.go:290.220,298.16 4 1
github.com/vfarcic/dot-ai-controller/internal/controller/remediationpolicy_controller.go:298.16,300.3 1 0
github.com/vfarcic/dot-ai-controller/internal/controller/remediationpolicy_controller.go:303.2,313.43 2 1
github.com/vfarcic/dot-ai-controller/internal/controller/remediationpolicy_controller.go:313.43,315.3 1 1
github.com/vfarcic/dot-ai-controller/internal/controller/remediationpolicy_controller.go:316.2,316.35 1 1
github.com/vfarcic/dot-ai-controller/internal/controller/remediationpolicy_controller.go:316.35,318.3 1 1
github.com/vfarcic/dot-ai-controller/internal/controller/remediationpolicy_controller.go:320.2,327.24 3 1
github.com/vfarcic/dot-ai-controller/internal/controller/remediationpolicy_controller.go:352.49,353.43 1 1
github.com/vfarcic/dot-ai-controller/internal/controller/remediationpolicy_controller.go:353.43,355.68 1 1
github.com/vfarcic/dot-ai-controller/internal/controller/remediationpolicy_controller.go:355.68,357.4 1 1
github.com/vfarcic/dot-ai-controller/internal/controller/remediationpolicy_controller.go:358.3,358.68 1 0
github.com/vfarcic/dot-ai-controller/internal/controller/remediationpolicy_controller.go:358.68,360.4 1 0
github.com/vfarcic/dot-ai-controller/internal/controller/remediationpolicy_controller.go:361.3,361.67 1 0
github.com/vfarcic/dot-ai-controller/internal/controller/remediationpolicy_controller.go:361.67,363.4 1 0
github.com/vfarcic/dot-ai-controller/internal/controller/remediationpolicy_controller.go:365.3,365.31 1 0
github.com/vfarcic/dot-ai-controller/internal/controller/remediationpolicy_controller.go:365.31,367.4 1 0
github.com/vfarcic/dot-ai-controller/internal/controller/remediationpolicy_controller.go:368.3,368.46 1 0
github.com/vfarcic/dot-ai-controller/internal/controller/remediationpolicy_controller.go:370.2,370.25 1 1
github.com/vfarcic/dot-ai-controller/internal/controller/remediationpolicy_controller.go:374.48,375.20 1 1
github.com/vfarcic/dot-ai-controller/internal/controller/remediationpolicy_controller.go:375.20,376.28 1 1
github.com/vfarcic/dot-ai-controller/internal/controller/remediationpolicy_controller.go:376.28,378.4 1 1
github.com/vfarcic/dot-ai-controller/internal/controller/remediationpolicy_controller.go:379.3,379.25 1 0
github.com/vfarcic/dot-ai-controller/internal/controller/remediationpolicy_controller.go:379.25,381.4 1 0
github.com/vfarcic/dot-ai-controller/internal/controller/remediationpolicy_controller.go:383.2,383.24 1 1
github.com/vfarcic/dot-ai-controller/internal/controller/remediationpolicy_controller.go:387.152,395.16 5 1
github.com/vfarcic/dot-ai-controller/internal/controller/remediationpolicy_controller.go:395.16,397.3 1 0
github.com/vfarcic/dot-ai-controller/internal/controller/remediationpolicy_controller.go:399.2,403.16 3 1
github.com/vfarcic/dot-ai-controller/internal/controller/remediationpolicy_controller.go:403.16,405.3 1 0
github.com/vfarcic/dot-ai-controller/internal/controller/remediationpolicy_controller.go:408.2,417.16 6 1
github.com/vfarcic/dot-ai-controller/internal/controller/remediationpolicy_controller.go:417.16,420.3 2 0
github.com/vfarcic/dot-ai-controller/internal/controller/remediationpolicy_controller.go:422.2,431.16 4 1
github.com/vfarcic/dot-ai-controller/internal/controller/remediationpolicy_controller.go:431.16,434.3 2 0
github.com/vfarcic/dot-ai-controller/internal/controller/remediationpolicy_controller.go:436.2,443.53 3 1
github.com/vfarcic/dot-ai-controller/internal/controller/remediationpolicy_controller.go:443.53,459.3 2 1
github.com/vfarcic/dot-ai-controller/internal/controller/remediationpolicy_controller.go:462.2,463.67 2 1
github.com/vfarcic/dot-ai-controller/internal/controller/remediationpolicy_controller.go:463.67,482.3 2 0
github.com/vfarcic/dot-ai-controller/internal/controller/remediationpolicy_controller.go:485.2,491.26 2 1
github.com/vfarcic/dot-ai-controller/internal/controller/remediationpolicy_controller.go:495.119,497.56 1 1
github.com/vfarcic/dot-ai-controller/internal/controller/remediationpolicy_controller.go:497.56,499.3 1 1
github.com/vfarcic/dot-ai-controller/internal/controller/remediationpolicy_controller.go:502.2,502.62 1 1
github.com/vfarcic/dot-ai-controller/internal/controller/remediationpolicy_controller.go:502.62,504.3 1 1
github.com/vfarcic/dot-ai-controller/internal/controller/remediationpolicy_controller.go:507.2,507.99 1 1
github.com/vfarcic/dot-ai-controller/internal/controller/remediationpolicy_controller.go:507.99,509.3 1 1
github.com/vfarcic/dot-ai-controller/internal/controller/remediationpolicy_controller.go:512.2,512.71 1 1
github.com/vfarcic/dot-ai-controller/internal/controller/remediationpolicy_controller.go:512.71,514.3 1 1
github.com/vfarcic/dot-ai-controller/internal/controller/remediationpolicy_controller.go:516.2,516.13 1 1
github.com/vfarcic/dot-ai-controller/internal/controller/remediationpolicy_controller.go:520.179,546.16 6 1
github.com/vfarcic/dot-ai-controller/internal/controller/remediationpolicy_controller.go:546.16,552.84 3 0
github.com/vfarcic/dot-ai-controller/internal/controller/remediationpolicy_controller.go:552.84,554.4 1 0
github.com/vfarcic/dot-ai-controller/internal/controller/remediationpolicy_controller.go:555.3,555.13 1 0
github.com/vfarcic/dot-ai-controller/internal/controller/remediationpolicy_controller.go:558.2,564.94 2 1
github.com/vfarcic/dot-ai-controller/internal/controller/remediationpolicy_controller.go:564.94,567.3 1 1
github.com/vfarcic/dot-ai-controller/internal/controller/remediationpolicy_controller.go:570.2,571.16 2 1
github.com/vfarcic/dot-ai-controller/internal/controller/remediationpolicy_controller.go:571.16,577.85 3 0
github.com/vfarcic/dot-ai-controller/internal/controller/remediationpolicy_controller.go:577.85,579.4 1 0
github.com/vfarcic/dot-ai-controller/internal/controller/remediationpolicy_controller.go:580.3,580.13 1 0
github.com/vfarcic/dot-ai-controller/internal/controller/remediationpolicy_controller.go:584.2,585.25 2 1
github.com/vfarcic/dot-ai-controller/internal/controller/remediationpolicy_controller.go:585.25,594.3 3 1
github.com/vfarcic/dot-ai-controller/internal/controller/remediationpolicy_controller.go:594.8,600.3 3 1
github.com/vfarcic/dot-ai-controller/internal/controller/remediationpolicy_controller.go:603.2,603.76 1 1
github.com/vfarcic/dot-ai-controller/internal/controller/remediationpolicy_controller.go:603.76,609.3 3 0
github.com/vfarcic/dot-ai-controller/internal/controller/remediationpolicy_controller.go:612.2,612.105 1 1
github.com/vfarcic/dot-ai-controller/internal/controller/remediationpolicy_controller.go:612.105,615.3 1 1
github.com/vfarcic/dot-ai-controller/internal/controller/remediationpolicy_controller.go:618.2,618.16 1 1
github.com/vfarcic/dot-ai-controller/internal/controller/remediationpolicy_controller.go:618.16,620.3 1 1
github.com/vfarcic/dot-ai-controller/internal/controller/remediationpolicy_controller.go:620.8,622.3 1 1
github.com/vfarcic/dot-ai-controller/internal/controller/remediationpolicy_controller.go:623.2,623.12 1 1
github.com/vfarcic/dot-ai-controller/internal/controller/remediationpolicy_controller.go:627.169,634.53 5 1
github.com/vfarcic/dot-ai-controller/internal/controller/remediationpolicy_controller.go:634.53,635.18 1 1
github.com/vfarcic/dot-ai-controller/internal/controller/remediationpolicy_controller.go:635.18,638.24 2 0
github.com/vfarcic/dot-ai-controller/internal/controller/remediationpolicy_controller.go:638.24,640.5 1 0
github.com/vfarcic/dot-ai-controller/internal/controller/remediationpolicy_controller.go:642.4,645.21 3 0
github.com/vfarcic/dot-ai-controller/internal/controller/remediationpolicy_controller.go:649.3,650.79 2 1
github.com/vfarcic/dot-ai-controller/internal/controller/remediationpolicy_controller.go:650.79,652.12 2 0
github.com/vfarcic/dot-ai-controller/internal/controller/remediationpolicy_controller.go:656.3,657.14 2 1
github.com/vfarcic/dot-ai-controller/internal/controller/remediationpolicy_controller.go:657.14,659.4 1 1
github.com/vfarcic/dot-ai-controller/internal/controller/remediationpolicy_controller.go:659.9,661.4 1 1
github.com/vfarcic/dot-ai-controller/internal/controller/remediationpolicy_controller.go:664.3,664.61 1 1
github.com/vfarcic/dot-ai-controller/internal/controller/remediationpolicy_controller.go:664.61,668.4 3 1
github.com/vfarcic/dot-ai-controller/internal/controller/remediationpolicy_controller.go:671.3,676.49 4 1
github.com/vfarcic/dot-ai-controller/internal/controller/remediationpolicy_controller.go:676.49,679.4 1 1
github.com/vfarcic/dot-ai-controller/internal/controller/remediationpolicy_controller.go:679.9,681.4 1 0
github.com/vfarcic/dot-ai-controller/internal/controller/remediationpolicy_controller.go:683.3,693.53 3 1
github.com/vfarcic/dot-ai-controller/internal/controller/remediationpolicy_controller.go:693.53,694.33 1 1
github.com/vfarcic/dot-ai-controller/internal/controller/remediationpolicy_controller.go:694.33,697.10 3 1
github.com/vfarcic/dot-ai-controller/internal/controller/remediationpolicy_controller.go:700.3,700.15 1 1
github.com/vfarcic/dot-ai-controller/internal/controller/remediationpolicy_controller.go:700.15,702.4 1 1
github.com/vfarcic/dot-ai-controller/internal/controller/remediationpolicy_controller.go:705.3,705.55 1 1
github.com/vfarcic/dot-ai-controller/internal/controller/remediationpolicy_controller.go:705.55,706.33 1 0
github.com/vfarcic/dot-ai-controller/internal/controller/remediationpolicy_controller.go:706.33,709.13 2 0
github.com/vfarcic/dot-ai-controller/internal/controller/remediationpolicy_controller.go:712.4,712.64 1 0
github.com/vfarcic/dot-ai-controller/internal/controller/remediationpolicy_controller.go:716.3,716.13 1 1
github.com/vfarcic/dot-ai-controller/internal/controller/remediationpolicy_controller.go:720.2,720.98 1 0
github.com/vfarcic/dot-ai-controller/internal/controller/remediationpolicy_controller.go:724.129,727.78 2 1
github.com/vfarcic/dot-ai-controller/internal/controller/remediationpolicy_controller.go:727.78,729.3 1 0
github.com/vfarcic/dot-ai-controller/internal/controller/remediationpolicy_controller.go:732.2,737.54 4 1
github.com/vfarcic/dot-ai-controller/internal/controller/remediationpolicy_controller.go:737.54,739.3 1 0
github.com/vfarcic/dot-ai-controller/internal/controller/remediationpolicy_controller.go:741.2,741.12 1 1
github.com/vfarcic/dot-ai-controller/internal/controller/remediationpolicy_controller.go:745.130,748.78 2 1
github.com/vfarcic/dot-ai-controller/internal/controller/remediationpolicy_controller.go:748.78,750.3 1 0
github.com/vfarcic/dot-ai-controller/internal/controller/remediationpolicy_controller.go:753.2,775.54 12 1
github.com/vfarcic/dot-ai-controller/internal/controller/remediationpolicy_controller.go:775.54,777.3 1 0
github.com/vfarcic/dot-ai-controller/internal/controller/remediationpolicy_controller.go:779.2,779.12 1 1
github.com/vfarcic/dot-ai-controller/internal/controller/remediationpolicy_controller.go:788.109,793.63 3 1
github.com/vfarcic/dot-ai-controller/internal/controller/remediationpolicy_controller.go:793.63,796.3 1 1
github.com/vfarcic/dot-ai-controller/internal/controller/remediationpolicy_controller.go:799.2,800.64 2 1
github.com/vfarcic/dot-ai-controller/internal/controller/remediationpolicy_controller.go:800.64,803.3 1 1
github.com/vfarcic/dot-ai-controller/internal/controller/remediationpolicy_controller.go:806.2,807.27 2 1
github.com/vfarcic/dot-ai-controller/internal/controller/remediationpolicy_controller.go:811.138,821.61 3 1
github.com/vfarcic/dot-ai-controller/internal/controller/remediationpolicy_controller.go:821.61,826.3 3 0
github.com/vfarcic/dot-ai-controller/internal/controller/remediationpolicy_controller.go:829.2,830.126 2 1
github.com/vfarcic/dot-ai-controller/internal/controller/remediationpolicy_controller.go:830.126,838.3 3 1
github.com/vfarcic/dot-ai-controller/internal/controller/remediationpolicy_controller.go:841.2,841.23 1 1
github.com/vfarcic/dot-ai-controller/internal/controller/remediationpolicy_controller.go:841.23,842.63 1 1
github.com/vfarcic/dot-ai-controller/internal/controller/remediationpolicy_controller.go:842.63,848.4 3 0
github.com/vfarcic/dot-ai-controller/internal/controller/remediationpolicy_controller.go:849.3,849.71 1 1
github.com/vfarcic/dot-ai-controller/internal/controller/remediationpolicy_controller.go:853.2,856.56 2 1
github.com/vfarcic/dot-ai-controller/internal/controller/remediationpolicy_controller.go:860.117,869.34 3 1
github.com/vfarcic/dot-ai-controller/internal/controller/remediationpolicy_controller.go:869.34,872.3 2 1
github.com/vfarcic/dot-ai-controller/internal/controller/remediationpolicy_controller.go:874.2,881.47 3 1
github.com/vfarcic/dot-ai-controller/internal/controller/remediationpolicy_controller.go:881.47,884.3 2 0
github.com/vfarcic/dot-ai-controller/internal/controller/remediationpolicy_controller.go:886.2,886.30 1 1
github.com/vfarcic/dot-ai-controller/internal/controller/remediationpolicy_controller.go:886.30,889.3 2 0
github.com/vfarcic/dot-ai-controller/internal/controller/remediationpolicy_controller.go:892.2,893.40 2 1
github.com/vfarcic/dot-ai-controller/internal/controller/remediationpolicy_controller.go:893.40,894.88 1 1
github.com/vfarcic/dot-ai-controller/internal/controller/remediationpolicy_controller.go:894.88,898.75 2 1
github.com/vfarcic/dot-ai-controller/internal/controller/remediationpolicy_controller.go:898.75,912.65 3 1
github.com/vfarcic/dot-ai-controller/internal/controller/remediationpolicy_controller.go:912.65,914.6 1 0
github.com/vfarcic/dot-ai-controller/internal/controller/remediationpolicy_controller.go:917.5,918.10 2 1
github.com/vfarcic/dot-ai-controller/internal/controller/remediationpolicy_controller.go:921.4,932.80 4 1
github.com/vfarcic/dot-ai-controller/internal/controller/remediationpolicy_controller.go:932.80,936.5 2 0
github.com/vfarcic/dot-ai-controller/internal/controller/remediationpolicy_controller.go:939.4,939.9 1 1
github.com/vfarcic/dot-ai-controller/internal/controller/remediationpolicy_controller.go:943.2,943.14 1 1
github.com/vfarcic/dot-ai-controller/internal/controller/remediationpolicy_controller.go:943.14,947.3 1 1
github.com/vfarcic/dot-ai-controller/internal/controller/remediationpolicy_controller.go:949.2,949.27 1 1
github.com/vfarcic/dot-ai-controller/internal/controller/remediationpolicy_controller.go:978.113,982.20 2 1
github.com/vfarcic/dot-ai-controller/internal/controller/remediationpolicy_controller.go:982.20,984.3 1 1
github.com/vfarcic/dot-ai-controller/internal/controller/remediationpolicy_controller.go:987.2,987.28 1 1
github.com/vfarcic/dot-ai-controller/internal/controller/remediationpolicy_controller.go:987.28,989.3 1 1
github.com/vfarcic/dot-ai-controller/internal/controller/remediationpolicy_controller.go:992.2,992.70 1 1
github.com/vfarcic/dot-ai-controller/internal/controller/remediationpolicy_controller.go:992.70,994.3 1 1
github.com/vfarcic/dot-ai-controller/internal/controller/remediationpolicy_controller.go:996.2,996.12 1 1
github.com/vfarcic/dot-ai-controller/internal/controller/remediationpolicy_controller.go:1000.239,1004.46 2 1
github.com/vfarcic/dot-ai-controller/internal/controller/remediationpolicy_controller.go:1004.46,1007.3 2 1
github.com/vfarcic/dot-ai-controller/internal/controller/remediationpolicy_controller.go:1010.2,1010.54 1 1
github.com/vfarcic/dot-ai-controller/internal/controller/remediationpolicy_controller.go:1010.54,1013.3 2 0
github.com/vfarcic/dot-ai-controller/internal/controller/remediationpolicy_controller.go:1016.2,1016.83 1 1
github.com/vfarcic/dot-ai-controller/internal/controller/remediationpolicy_controller.go:1016.83,1019.3 2 1
github.com/vfarcic/dot-ai-controller/internal/controller/remediationpolicy_controller.go:1020.2,1020.89 1 1
github.com/vfarcic/dot-ai-controller/internal/controller/remediationpolicy_controller.go:1020.89,1023.3 2 0
github.com/vfarcic/dot-ai-controller/internal/controller/remediationpolicy_controller.go:1026.2,1029.101 2 1
github.com/vfarcic/dot-ai-controller/internal/controller/remediationpolicy_controller.go:1029.101,1034.3 2 1
github.com/vfarcic/dot-ai-controller/internal/controller/remediationpolicy_controller.go:1036.2,1039.12 2 1
github.com/vfarcic/dot-ai-controller/internal/controller/remediationpolicy_controller.go:1043.222,1047.26 3 1
github.com/vfarcic/dot-ai-controller/internal/controller/remediationpolicy_controller.go:1048.15,1058.4 4 1
github.com/vfarcic/dot-ai-controller/internal/controller/remediationpolicy_controller.go:1060.18,1061.48 1 1
github.com/vfarcic/dot-ai-controller/internal/controller/remediationpolicy_controller.go:1061.48,1064.16 2 1
github.com/vfarcic/dot-ai-controller/internal/controller/remediationpolicy_controller.go:1064.16,1068.5 3 1
github.com/vfarcic/dot-ai-controller/internal/controller/remediationpolicy_controller.go:1068.10,1072.5 3 1
github.com/vfarcic/dot-ai-controller/internal/controller/remediationpolicy_controller.go:1073.9,1076.26 3 1
github.com/vfarcic/dot-ai-controller/internal/controller/remediationpolicy_controller.go:1076.26,1078.5 1 1
github.com/vfarcic/dot-ai-controller/internal/controller/remediationpolicy_controller.go:1078.10,1080.5 1 0
github.com/vfarcic/dot-ai-controller/internal/controller/remediationpolicy_controller.go:1083.3,1093.25 2 1
github.com/vfarcic/dot-ai-controller/internal/controller/remediationpolicy_controller.go:1093.25,1095.4 1 1
github.com/vfarcic/dot-ai-controller/internal/controller/remediationpolicy_controller.go:1098.2,1114.51 3 1
github.com/vfarcic/dot-ai-controller/internal/controller/remediationpolicy_controller.go:1114.51,1116.3 1 1
github.com/vfarcic/dot-ai-controller/internal/controller/remediationpolicy_controller.go:1118.2,1118.16 1 1
github.com/vfarcic/dot-ai-controller/internal/controller/remediationpolicy_controller.go:1122.91,1123.63 1 1
github.com/vfarcic/dot-ai-controller/internal/controller/remediationpolicy_controller.go:1123.63,1124.69 1 1
github.com/vfarcic/dot-ai-controller/internal/controller/remediationpolicy_controller.go:1124.69,1126.4 1 1
github.com/vfarcic/dot-ai-controller/internal/controller/remediationpolicy_controller.go:1128.2,1128.14 1 1
github.com/vfarcic/dot-ai-controller/internal/controller/remediationpolicy_controller.go:1132.106,1134.63 2 1
github.com/vfarcic/dot-ai-controller/internal/controller/remediationpolicy_controller.go:1134.63,1138.41 2 1
github.com/vfarcic/dot-ai-controller/internal/controller/remediationpolicy_controller.go:1138.41,1145.4 2 1
github.com/vfarcic/dot-ai-controller/internal/controller/remediationpolicy_controller.go:1148.3,1148.59 1 1
github.com/vfarcic/dot-ai-controller/internal/controller/remediationpolicy_controller.go:1148.59,1154.4 1 1
github.com/vfarcic/dot-ai-controller/internal/controller/remediationpolicy_controller.go:1157.3,1157.70 1 1
github.com/vfarcic/dot-ai-controller/internal/controller/remediationpolicy_controller.go:1157.70,1158.78 1 1
github.com/vfarcic/dot-ai-controller/internal/controller/remediationpolicy_controller.go:1158.78,1164.5 1 1
github.com/vfarcic/dot-ai-controller/internal/controller/remediationpolicy_controller.go:1165.4,1165.61 1 1
github.com/vfarcic/dot-ai-controller/internal/controller/remediationpolicy_controller.go:1165.61,1171.5 1 1
github.com/vfarcic/dot-ai-controller/internal/controller/remediationpolicy_controller.go:1175.3,1175.76 1 1
github.com/vfarcic/dot-ai-controller/internal/controller/remediationpolicy_controller.go:1175.76,1176.85 1 1
github.com/vfarcic/dot-ai-controller/internal/controller/remediationpolicy_controller.go:1176.85,1178.36 2 1
github.com/vfarcic/dot-ai-controller/internal/controller/remediationpolicy_controller.go:1178.36,1179.62 1 1
github.com/vfarcic/dot-ai-controller/internal/controller/remediationpolicy_controller.go:1179.62,1180.68 1 1
github.com/vfarcic/dot-ai-controller/internal/controller/remediationpolicy_controller.go:1180.68,1182.26 1 1
github.com/vfarcic/dot-ai-controller/internal/controller/remediationpolicy_controller.go:1182.26,1184.9 1 1
github.com/vfarcic/dot-ai-controller/internal/controller/remediationpolicy_controller.go:1185.8,1185.63 1 1
github.com/vfarcic/dot-ai-controller/internal/controller/remediationpolicy_controller.go:1189.5,1189.26 1 1
github.com/vfarcic/dot-ai-controller/internal/controller/remediationpolicy_controller.go:1189.26,1191.19 2 1
github.com/vfarcic/dot-ai-controller/internal/controller/remediationpolicy_controller.go:1191.19,1193.7 1 1
github.com/vfarcic/dot-ai-controller/internal/controller/remediationpolicy_controller.go:1194.6,1198.8 1 1
github.com/vfarcic/dot-ai-controller/internal/controller/remediationpolicy_controller.go:1204.3,1204.74 1 1
github.com/vfarcic/dot-ai-controller/internal/controller/remediationpolicy_controller.go:1204.74,1205.55 1 1
github.com/vfarcic/dot-ai-controller/internal/controller/remediationpolicy_controller.go:1205.55,1207.16 2 1
github.com/vfarcic/dot-ai-controller/internal/controller/remediationpolicy_controller.go:1207.16,1209.6 1 1
github.com/vfarcic/dot-ai-controller/internal/controller/remediationpolicy_controller.go:1210.5,1214.7 1 1
github.com/vfarcic/dot-ai-controller/internal/controller/remediationpolicy_controller.go:1219.3,1219.79 1 1
github.com/vfarcic/dot-ai-controller/internal/controller/remediationpolicy_controller.go:1219.79,1227.66 2 1
github.com/vfarcic/dot-ai-controller/internal/controller/remediationpolicy_controller.go:1227.66,1228.73 1 1
github.com/vfarcic/dot-ai-controller/internal/controller/remediationpolicy_controller.go:1228.73,1230.27 1 1
github.com/vfarcic/dot-ai-controller/internal/controller/remediationpolicy_controller.go:1230.27,1232.7 1 0
github.com/vfarcic/dot-ai-controller/internal/controller/remediationpolicy_controller.go:1233.6,1237.8 1 1
github.com/vfarcic/dot-ai-controller/internal/controller/remediationpolicy_controller.go:1244.2,1244.54 1 1
github.com/vfarcic/dot-ai-controller/internal/controller/remediationpolicy_controller.go:1244.54,1245.35 1 1
github.com/vfarcic/dot-ai-controller/internal/controller/remediationpolicy_controller.go:1245.35,1251.4 1 1
github.com/vfarcic/dot-ai-controller/internal/controller/remediationpolicy_controller.go:1252.3,1252.39 1 1
github.com/vfarcic/dot-ai-controller/internal/controller/remediationpolicy_controller.go:1252.39,1253.86 1 1
github.com/vfarcic/dot-ai-controller/internal/controller/remediationpolicy_controller.go:1253.86,1259.5 1 1
github.com/vfarcic/dot-ai-controller/internal/controller/remediationpolicy_controller.go:1265.124,1270.16 3 1
github.com/vfarcic/dot-ai-controller/internal/controller/remediationpolicy_controller.go:1270.16,1272.3 1 0
github.com/vfarcic/dot-ai-controller/internal/controller/remediationpolicy_controller.go:1275.2,1276.16 2 1
github.com/vfarcic/dot-ai-controller/internal/controller/remediationpolicy_controller.go:1276.16,1278.3 1 0
github.com/vfarcic/dot-ai-controller/internal/controller/remediationpolicy_controller.go:1280.2,1284.16 3 1
github.com/vfarcic/dot-ai-controller/internal/controller/remediationpolicy_controller.go:1284.16,1286.3 1 0
github.com/vfarcic/dot-ai-controller/internal/controller/remediationpolicy_controller.go:1287.2,1290.42 2 1
github.com/vfarcic/dot-ai-controller/internal/controller/remediationpolicy_controller.go:1290.42,1293.3 2 1
github.com/vfarcic/dot-ai-controller/internal/controller/remediationpolicy_controller.go:1295.2,1299.12 2 1
github.com/vfarcic/dot-ai-controller/internal/controller/remediationpolicy_controller.go:1303.80,1312.2 1 0
