mode: set
github.com/vfarcic/dot-ai-controller/cmd/main.go:52.13,57.2 2 0
github.com/vfarcic/dot-ai-controller/cmd/main.go:60.13,100.38 24 0
github.com/vfarcic/dot-ai-controller/cmd/main.go:100.38,103.3 2 0
github.com/vfarcic/dot-ai-controller/cmd/main.go:105.2,105.18 1 0
github.com/vfarcic/dot-ai-controller/cmd/main.go:105.18,107.3 1 0
github.com/vfarcic/dot-ai-controller/cmd/main.go:110.2,115.30 3 0
github.com/vfarcic/dot-ai-controller/cmd/main.go:115.30,124.17 4 0
github.com/vfarcic/dot-ai-controller/cmd/main.go:124.17,127.4 2 0
github.com/vfarcic/dot-ai-controller/cmd/main.go:129.3,129.68 1 0
github.com/vfarcic/dot-ai-controller/cmd/main.go:129.68,131.4 1 0
github.com/vfarcic/dot-ai-controller/cmd/main.go:134.2,148.19 3 0
github.com/vfarcic/dot-ai-controller/cmd/main.go:148.19,154.3 1 0
github.com/vfarcic/dot-ai-controller/cmd/main.go:164.2,164.30 1 0
github.com/vfarcic/dot-ai-controller/cmd/main.go:164.30,173.17 4 0
github.com/vfarcic/dot-ai-controller/cmd/main.go:173.17,176.4 2 0
github.com/vfarcic/dot-ai-controller/cmd/main.go:178.3,178.96 1 0
github.com/vfarcic/dot-ai-controller/cmd/main.go:178.96,180.4 1 0
github.com/vfarcic/dot-ai-controller/cmd/main.go:183.2,202.16 2 0
github.com/vfarcic/dot-ai-controller/cmd/main.go:202.16,205.3 2 0
github.com/vfarcic/dot-ai-controller/cmd/main.go:209.2,224.39 2 0
github.com/vfarcic/dot-ai-controller/cmd/main.go:224.39,227.3 2 0
github.com/vfarcic/dot-ai-controller/cmd/main.go:229.2,233.39 1 0
github.com/vfarcic/dot-ai-controller/cmd/main.go:233.39,236.3 2 0
github.com/vfarcic/dot-ai-controller/cmd/main.go:239.2,239.31 1 0
github.com/vfarcic/dot-ai-controller/cmd/main.go:239.31,241.53 2 0
github.com/vfarcic/dot-ai-controller/cmd/main.go:241.53,244.4 2 0
github.com/vfarcic/dot-ai-controller/cmd/main.go:247.2,247.31 1 0
github.com/vfarcic/dot-ai-controller/cmd/main.go:247.31,249.53 2 0
github.com/vfarcic/dot-ai-controller/cmd/main.go:249.53,252.4 2 0
github.com/vfarcic/dot-ai-controller/cmd/main.go:255.2,255.69 1 0
github.com/vfarcic/dot-ai-controller/cmd/main.go:255.69,258.3 2 0
github.com/vfarcic/dot-ai-controller/cmd/main.go:259.2,259.67 1 0
github.com/vfarcic/dot-ai-controller/cmd/main.go:259.67,262.3 2 0
github.com/vfarcic/dot-ai-controller/cmd/main.go:264.2,265.61 2 0
github.com/vfarcic/dot-ai-controller/cmd/main.go:265.61,268.3 2 0
github.com/vfarcic/dot-ai-controller/api/v1alpha1/remediationpolicy_types.go:246.13,248.2 1 1
github.com/vfarcic/dot-ai-controller/api/v1alpha1/solution_types.go:150.13,152.2 1 1
github.com/vfarcic/dot-ai-controller/api/v1alpha1/zz_generated.deepcopy.go:29.59,31.35 2 0
github.com/vfarcic/dot-ai-controller/api/v1alpha1/zz_generated.deepcopy.go:31.35,35.3 3 0
github.com/vfarcic/dot-ai-controller/api/v1alpha1/zz_generated.deepcopy.go:39.52,40.15 1 0
github.com/vfarcic/dot-ai-controller/api/v1alpha1/zz_generated.deepcopy.go:40.15,42.3 1 0
github.com/vfarcic/dot-ai-controller/api/v1alpha1/zz_generated.deepcopy.go:43.2,45.12 3 0
github.com/vfarcic/dot-ai-controller/api/v1alpha1/zz_generated.deepcopy.go:49.53,51.35 2 0
github.com/vfarcic/dot-ai-controller/api/v1alpha1/zz_generated.deepcopy.go:51.35,55.3 3 0
github.com/vfarcic/dot-ai-controller/api/v1alpha1/zz_generated.deepcopy.go:59.46,60.15 1 0
github.com/vfarcic/dot-ai-controller/api/v1alpha1/zz_generated.deepcopy.go:60.15,62.3 1 0
github.com/vfarcic/dot-ai-controller/api/v1alpha1/zz_generated.deepcopy.go:63.2,65.12 3 0
github.com/vfarcic/dot-ai-controller/api/v1alpha1/zz_generated.deepcopy.go:69.69,72.2 2 0
github.com/vfarcic/dot-ai-controller/api/v1alpha1/zz_generated.deepcopy.go:75.62,76.15 1 0
github.com/vfarcic/dot-ai-controller/api/v1alpha1/zz_generated.deepcopy.go:76.15,78.3 1 0
github.com/vfarcic/dot-ai-controller/api/v1alpha1/zz_generated.deepcopy.go:79.2,81.12 3 0
github.com/vfarcic/dot-ai-controller/api/v1alpha1/zz_generated.deepcopy.go:85.57,87.2 1 0
github.com/vfarcic/dot-ai-controller/api/v1alpha1/zz_generated.deepcopy.go:90.50,91.15 1 0
github.com/vfarcic/dot-ai-controller/api/v1alpha1/zz_generated.deepcopy.go:91.15,93.3 1 0
github.com/vfarcic/dot-ai-controller/api/v1alpha1/zz_generated.deepcopy.go:94.2,96.12 3 0
github.com/vfarcic/dot-ai-controller/api/v1alpha1/zz_generated.deepcopy.go:100.67,106.2 5 0
github.com/vfarcic/dot-ai-controller/api/v1alpha1/zz_generated.deepcopy.go:109.60,110.15 1 0
github.com/vfarcic/dot-ai-controller/api/v1alpha1/zz_generated.deepcopy.go:110.15,112.3 1 0
github.com/vfarcic/dot-ai-controller/api/v1alpha1/zz_generated.deepcopy.go:113.2,115.12 3 0
github.com/vfarcic/dot-ai-controller/api/v1alpha1/zz_generated.deepcopy.go:119.62,120.34 1 0
github.com/vfarcic/dot-ai-controller/api/v1alpha1/zz_generated.deepcopy.go:120.34,122.3 1 0
github.com/vfarcic/dot-ai-controller/api/v1alpha1/zz_generated.deepcopy.go:123.2,123.12 1 0
github.com/vfarcic/dot-ai-controller/api/v1alpha1/zz_generated.deepcopy.go:127.75,131.21 4 0
github.com/vfarcic/dot-ai-controller/api/v1alpha1/zz_generated.deepcopy.go:131.21,134.22 3 0
github.com/vfarcic/dot-ai-controller/api/v1alpha1/zz_generated.deepcopy.go:134.22,136.4 1 0
github.com/vfarcic/dot-ai-controller/api/v1alpha1/zz_generated.deepcopy.go:141.68,142.15 1 0
github.com/vfarcic/dot-ai-controller/api/v1alpha1/zz_generated.deepcopy.go:142.15,144.3 1 0
github.com/vfarcic/dot-ai-controller/api/v1alpha1/zz_generated.deepcopy.go:145.2,147.12 3 0
github.com/vfarcic/dot-ai-controller/api/v1alpha1/zz_generated.deepcopy.go:151.66,152.34 1 0
github.com/vfarcic/dot-ai-controller/api/v1alpha1/zz_generated.deepcopy.go:152.34,154.3 1 0
github.com/vfarcic/dot-ai-controller/api/v1alpha1/zz_generated.deepcopy.go:155.2,155.12 1 0
github.com/vfarcic/dot-ai-controller/api/v1alpha1/zz_generated.deepcopy.go:159.75,161.30 2 0
github.com/vfarcic/dot-ai-controller/api/v1alpha1/zz_generated.deepcopy.go:161.30,164.22 3 0
github.com/vfarcic/dot-ai-controller/api/v1alpha1/zz_generated.deepcopy.go:164.22,166.4 1 0
github.com/vfarcic/dot-ai-controller/api/v1alpha1/zz_generated.deepcopy.go:168.2,168.35 1 0
github.com/vfarcic/dot-ai-controller/api/v1alpha1/zz_generated.deepcopy.go:168.35,172.3 3 0
github.com/vfarcic/dot-ai-controller/api/v1alpha1/zz_generated.deepcopy.go:173.2,174.38 2 0
github.com/vfarcic/dot-ai-controller/api/v1alpha1/zz_generated.deepcopy.go:178.68,179.15 1 0
github.com/vfarcic/dot-ai-controller/api/v1alpha1/zz_generated.deepcopy.go:179.15,181.3 1 0
github.com/vfarcic/dot-ai-controller/api/v1alpha1/zz_generated.deepcopy.go:182.2,184.12 3 0
github.com/vfarcic/dot-ai-controller/api/v1alpha1/zz_generated.deepcopy.go:188.79,190.34 2 0
github.com/vfarcic/dot-ai-controller/api/v1alpha1/zz_generated.deepcopy.go:190.34,193.3 2 0
github.com/vfarcic/dot-ai-controller/api/v1alpha1/zz_generated.deepcopy.go:194.2,194.39 1 0
github.com/vfarcic/dot-ai-controller/api/v1alpha1/zz_generated.deepcopy.go:194.39,197.3 2 0
github.com/vfarcic/dot-ai-controller/api/v1alpha1/zz_generated.deepcopy.go:198.2,198.36 1 0
github.com/vfarcic/dot-ai-controller/api/v1alpha1/zz_generated.deepcopy.go:198.36,201.3 2 0
github.com/vfarcic/dot-ai-controller/api/v1alpha1/zz_generated.deepcopy.go:202.2,202.26 1 0
github.com/vfarcic/dot-ai-controller/api/v1alpha1/zz_generated.deepcopy.go:202.26,205.22 3 0
github.com/vfarcic/dot-ai-controller/api/v1alpha1/zz_generated.deepcopy.go:205.22,207.4 1 0
github.com/vfarcic/dot-ai-controller/api/v1alpha1/zz_generated.deepcopy.go:212.72,213.15 1 0
github.com/vfarcic/dot-ai-controller/api/v1alpha1/zz_generated.deepcopy.go:213.15,215.3 1 0
github.com/vfarcic/dot-ai-controller/api/v1alpha1/zz_generated.deepcopy.go:216.2,218.12 3 0
github.com/vfarcic/dot-ai-controller/api/v1alpha1/zz_generated.deepcopy.go:222.67,224.2 1 0
github.com/vfarcic/dot-ai-controller/api/v1alpha1/zz_generated.deepcopy.go:227.60,228.15 1 0
github.com/vfarcic/dot-ai-controller/api/v1alpha1/zz_generated.deepcopy.go:228.15,230.3 1 0
github.com/vfarcic/dot-ai-controller/api/v1alpha1/zz_generated.deepcopy.go:231.2,233.12 3 0
github.com/vfarcic/dot-ai-controller/api/v1alpha1/zz_generated.deepcopy.go:237.63,239.2 1 0
github.com/vfarcic/dot-ai-controller/api/v1alpha1/zz_generated.deepcopy.go:242.56,243.15 1 0
github.com/vfarcic/dot-ai-controller/api/v1alpha1/zz_generated.deepcopy.go:243.15,245.3 1 0
github.com/vfarcic/dot-ai-controller/api/v1alpha1/zz_generated.deepcopy.go:246.2,248.12 3 0
github.com/vfarcic/dot-ai-controller/api/v1alpha1/zz_generated.deepcopy.go:252.55,254.2 1 0
github.com/vfarcic/dot-ai-controller/api/v1alpha1/zz_generated.deepcopy.go:257.48,258.15 1 0
github.com/vfarcic/dot-ai-controller/api/v1alpha1/zz_generated.deepcopy.go:258.15,260.3 1 0
github.com/vfarcic/dot-ai-controller/api/v1alpha1/zz_generated.deepcopy.go:261.2,263.12 3 0
github.com/vfarcic/dot-ai-controller/api/v1alpha1/zz_generated.deepcopy.go:267.49,273.2 5 0
github.com/vfarcic/dot-ai-controller/api/v1alpha1/zz_generated.deepcopy.go:276.42,277.15 1 0
github.com/vfarcic/dot-ai-controller/api/v1alpha1/zz_generated.deepcopy.go:277.15,279.3 1 0
github.com/vfarcic/dot-ai-controller/api/v1alpha1/zz_generated.deepcopy.go:280.2,282.12 3 0
github.com/vfarcic/dot-ai-controller/api/v1alpha1/zz_generated.deepcopy.go:286.53,287.34 1 0
github.com/vfarcic/dot-ai-controller/api/v1alpha1/zz_generated.deepcopy.go:287.34,289.3 1 0
github.com/vfarcic/dot-ai-controller/api/v1alpha1/zz_generated.deepcopy.go:290.2,290.12 1 0
github.com/vfarcic/dot-ai-controller/api/v1alpha1/zz_generated.deepcopy.go:294.63,296.24 2 0
github.com/vfarcic/dot-ai-controller/api/v1alpha1/zz_generated.deepcopy.go:296.24,300.3 3 0
github.com/vfarcic/dot-ai-controller/api/v1alpha1/zz_generated.deepcopy.go:301.2,301.24 1 0
github.com/vfarcic/dot-ai-controller/api/v1alpha1/zz_generated.deepcopy.go:301.24,305.3 3 0
github.com/vfarcic/dot-ai-controller/api/v1alpha1/zz_generated.deepcopy.go:309.56,310.15 1 0
github.com/vfarcic/dot-ai-controller/api/v1alpha1/zz_generated.deepcopy.go:310.15,312.3 1 0
github.com/vfarcic/dot-ai-controller/api/v1alpha1/zz_generated.deepcopy.go:313.2,315.12 3 0
github.com/vfarcic/dot-ai-controller/api/v1alpha1/zz_generated.deepcopy.go:319.57,323.21 4 0
github.com/vfarcic/dot-ai-controller/api/v1alpha1/zz_generated.deepcopy.go:323.21,326.22 3 0
github.com/vfarcic/dot-ai-controller/api/v1alpha1/zz_generated.deepcopy.go:326.22,328.4 1 0
github.com/vfarcic/dot-ai-controller/api/v1alpha1/zz_generated.deepcopy.go:333.50,334.15 1 0
github.com/vfarcic/dot-ai-controller/api/v1alpha1/zz_generated.deepcopy.go:334.15,336.3 1 0
github.com/vfarcic/dot-ai-controller/api/v1alpha1/zz_generated.deepcopy.go:337.2,339.12 3 0
github.com/vfarcic/dot-ai-controller/api/v1alpha1/zz_generated.deepcopy.go:343.57,344.34 1 0
github.com/vfarcic/dot-ai-controller/api/v1alpha1/zz_generated.deepcopy.go:344.34,346.3 1 0
github.com/vfarcic/dot-ai-controller/api/v1alpha1/zz_generated.deepcopy.go:347.2,347.12 1 0
github.com/vfarcic/dot-ai-controller/api/v1alpha1/zz_generated.deepcopy.go:351.57,354.25 3 0
github.com/vfarcic/dot-ai-controller/api/v1alpha1/zz_generated.deepcopy.go:354.25,358.3 3 0
github.com/vfarcic/dot-ai-controller/api/v1alpha1/zz_generated.deepcopy.go:362.50,363.15 1 0
github.com/vfarcic/dot-ai-controller/api/v1alpha1/zz_generated.deepcopy.go:363.15,365.3 1 0
github.com/vfarcic/dot-ai-controller/api/v1alpha1/zz_generated.deepcopy.go:366.2,368.12 3 0
github.com/vfarcic/dot-ai-controller/api/v1alpha1/zz_generated.deepcopy.go:372.61,375.26 3 0
github.com/vfarcic/dot-ai-controller/api/v1alpha1/zz_generated.deepcopy.go:375.26,378.22 3 0
github.com/vfarcic/dot-ai-controller/api/v1alpha1/zz_generated.deepcopy.go:378.22,380.4 1 0
github.com/vfarcic/dot-ai-controller/api/v1alpha1/zz_generated.deepcopy.go:385.54,386.15 1 0
github.com/vfarcic/dot-ai-controller/api/v1alpha1/zz_generated.deepcopy.go:386.15,388.3 1 0
github.com/vfarcic/dot-ai-controller/api/v1alpha1/zz_generated.deepcopy.go:389.2,391.12 3 0
github.com/vfarcic/dot-ai-controller/test/utils/utils.go:39.27,41.2 1 0
github.com/vfarcic/dot-ai-controller/test/utils/utils.go:44.41,48.42 3 0
github.com/vfarcic/dot-ai-controller/test/utils/utils.go:48.42,50.3 1 0
github.com/vfarcic/dot-ai-controller/test/utils/utils.go:52.2,56.16 5 0
github.com/vfarcic/dot-ai-controller/test/utils/utils.go:56.16,58.3 1 0
github.com/vfarcic/dot-ai-controller/test/utils/utils.go:60.2,60.28 1 0
github.com/vfarcic/dot-ai-controller/test/utils/utils.go:64.40,69.2 4 0
github.com/vfarcic/dot-ai-controller/test/utils/utils.go:72.36,75.36 3 0
github.com/vfarcic/dot-ai-controller/test/utils/utils.go:75.36,77.3 1 0
github.com/vfarcic/dot-ai-controller/test/utils/utils.go:82.39,92.16 4 0
github.com/vfarcic/dot-ai-controller/test/utils/utils.go:92.16,94.3 1 0
github.com/vfarcic/dot-ai-controller/test/utils/utils.go:95.2,96.37 2 0
github.com/vfarcic/dot-ai-controller/test/utils/utils.go:96.37,97.32 1 0
github.com/vfarcic/dot-ai-controller/test/utils/utils.go:97.32,98.35 1 0
github.com/vfarcic/dot-ai-controller/test/utils/utils.go:98.35,100.5 1 0
github.com/vfarcic/dot-ai-controller/test/utils/utils.go:104.2,104.14 1 0
github.com/vfarcic/dot-ai-controller/test/utils/utils.go:108.29,111.36 3 0
github.com/vfarcic/dot-ai-controller/test/utils/utils.go:111.36,113.3 1 0
github.com/vfarcic/dot-ai-controller/test/utils/utils.go:116.2,120.41 2 0
github.com/vfarcic/dot-ai-controller/test/utils/utils.go:120.41,123.37 2 0
github.com/vfarcic/dot-ai-controller/test/utils/utils.go:123.37,125.4 1 0
github.com/vfarcic/dot-ai-controller/test/utils/utils.go:130.33,133.36 3 0
github.com/vfarcic/dot-ai-controller/test/utils/utils.go:133.36,135.3 1 0
github.com/vfarcic/dot-ai-controller/test/utils/utils.go:138.2,145.12 3 0
github.com/vfarcic/dot-ai-controller/test/utils/utils.go:150.40,164.16 4 0
github.com/vfarcic/dot-ai-controller/test/utils/utils.go:164.16,166.3 1 0
github.com/vfarcic/dot-ai-controller/test/utils/utils.go:169.2,170.38 2 0
github.com/vfarcic/dot-ai-controller/test/utils/utils.go:170.38,171.32 1 0
github.com/vfarcic/dot-ai-controller/test/utils/utils.go:171.32,172.35 1 0
github.com/vfarcic/dot-ai-controller/test/utils/utils.go:172.35,174.5 1 0
github.com/vfarcic/dot-ai-controller/test/utils/utils.go:178.2,178.14 1 0
github.com/vfarcic/dot-ai-controller/test/utils/utils.go:182.56,184.47 2 0
github.com/vfarcic/dot-ai-controller/test/utils/utils.go:184.47,186.3 1 0
github.com/vfarcic/dot-ai-controller/test/utils/utils.go:187.2,190.12 4 0
github.com/vfarcic/dot-ai-controller/test/utils/utils.go:195.47,198.35 3 0
github.com/vfarcic/dot-ai-controller/test/utils/utils.go:198.35,199.20 1 0
github.com/vfarcic/dot-ai-controller/test/utils/utils.go:199.20,201.4 1 0
github.com/vfarcic/dot-ai-controller/test/utils/utils.go:204.2,204.12 1 0
github.com/vfarcic/dot-ai-controller/test/utils/utils.go:208.38,210.16 2 0
github.com/vfarcic/dot-ai-controller/test/utils/utils.go:210.16,212.3 1 0
github.com/vfarcic/dot-ai-controller/test/utils/utils.go:213.2,214.16 2 0
github.com/vfarcic/dot-ai-controller/test/utils/utils.go:219.59,223.16 2 0
github.com/vfarcic/dot-ai-controller/test/utils/utils.go:223.16,225.3 1 0
github.com/vfarcic/dot-ai-controller/test/utils/utils.go:226.2,229.13 3 0
github.com/vfarcic/dot-ai-controller/test/utils/utils.go:229.13,231.3 1 0
github.com/vfarcic/dot-ai-controller/test/utils/utils.go:233.2,235.16 3 0
github.com/vfarcic/dot-ai-controller/test/utils/utils.go:235.16,237.3 1 0
github.com/vfarcic/dot-ai-controller/test/utils/utils.go:239.2,240.21 2 0
github.com/vfarcic/dot-ai-controller/test/utils/utils.go:240.21,242.3 1 0
github.com/vfarcic/dot-ai-controller/test/utils/utils.go:243.2,243.6 1 0
github.com/vfarcic/dot-ai-controller/test/utils/utils.go:243.6,244.87 1 0
github.com/vfarcic/dot-ai-controller/test/utils/utils.go:244.87,246.4 1 0
github.com/vfarcic/dot-ai-controller/test/utils/utils.go:248.3,248.22 1 0
github.com/vfarcic/dot-ai-controller/test/utils/utils.go:248.22,249.9 1 0
github.com/vfarcic/dot-ai-controller/test/utils/utils.go:251.3,251.49 1 0
github.com/vfarcic/dot-ai-controller/test/utils/utils.go:251.49,253.4 1 0
github.com/vfarcic/dot-ai-controller/test/utils/utils.go:256.2,256.63 1 0
github.com/vfarcic/dot-ai-controller/test/utils/utils.go:256.63,258.3 1 0
github.com/vfarcic/dot-ai-controller/test/utils/utils.go:262.2,262.65 1 0
github.com/vfarcic/dot-ai-controller/test/utils/utils.go:262.65,264.3 1 0
github.com/vfarcic/dot-ai-controller/test/utils/utils.go:266.2,266.12 1 0
github.com/vfarcic/dot-ai-controller/internal/controller/remediationpolicy_controller.go:70.79,72.2 1 1
github.com/vfarcic/dot-ai-controller/internal/controller/remediationpolicy_controller.go:75.78,80.2 4 1
github.com/vfarcic/dot-ai-controller/internal/controller/remediationpolicy_controller.go:83.124,88.2 1 1
github.com/vfarcic/dot-ai-controller/internal/controller/remediationpolicy_controller.go:91.130,92.100 1 1
github.com/vfarcic/dot-ai-controller/internal/controller/remediationpolicy_controller.go:92.100,95.3 1 0
github.com/vfarcic/dot-ai-controller/internal/controller/remediationpolicy_controller.go:97.2,104.87 5 1
github.com/vfarcic/dot-ai-controller/internal/controller/remediationpolicy_controller.go:104.87,107.3 2 1
github.com/vfarcic/dot-ai-controller/internal/controller/remediationpolicy_controller.go:110.2,110.50 1 1
github.com/vfarcic/dot-ai-controller/internal/controller/remediationpolicy_controller.go:110.50,112.33 1 1
github.com/vfarcic/dot-ai-controller/internal/controller/remediationpolicy_controller.go:112.33,114.4 1 1
github.com/vfarcic/dot-ai-controller/internal/controller/remediationpolicy_controller.go:117.3,118.14 2 1
github.com/vfarcic/dot-ai-controller/internal/controller/remediationpolicy_controller.go:118.14,120.4 1 1
github.com/vfarcic/dot-ai-controller/internal/controller/remediationpolicy_controller.go:123.3,125.27 3 1
github.com/vfarcic/dot-ai-controller/internal/controller/remediationpolicy_controller.go:125.27,126.29 1 0
github.com/vfarcic/dot-ai-controller/internal/controller/remediationpolicy_controller.go:126.29,128.5 1 0
github.com/vfarcic/dot-ai-controller/internal/controller/remediationpolicy_controller.go:132.3,132.69 1 1
github.com/vfarcic/dot-ai-controller/internal/controller/remediationpolicy_controller.go:132.69,135.4 1 0
github.com/vfarcic/dot-ai-controller/internal/controller/remediationpolicy_controller.go:138.3,142.51 3 1
github.com/vfarcic/dot-ai-controller/internal/controller/remediationpolicy_controller.go:142.51,143.33 1 1
github.com/vfarcic/dot-ai-controller/internal/controller/remediationpolicy_controller.go:143.33,145.5 1 1
github.com/vfarcic/dot-ai-controller/internal/controller/remediationpolicy_controller.go:146.4,146.108 1 1
github.com/vfarcic/dot-ai-controller/internal/controller/remediationpolicy_controller.go:150.2,150.18 1 1
github.com/vfarcic/dot-ai-controller/internal/controller/remediationpolicy_controller.go:154.75,157.30 3 1
github.com/vfarcic/dot-ai-controller/internal/controller/remediationpolicy_controller.go:157.30,159.3 1 1
github.com/vfarcic/dot-ai-controller/internal/controller/remediationpolicy_controller.go:160.2,160.42 1 1
github.com/vfarcic/dot-ai-controller/internal/controller/remediationpolicy_controller.go:164.84,168.30 3 1
github.com/vfarcic/dot-ai-controller/internal/controller/remediationpolicy_controller.go:168.30,170.3 1 1
github.com/vfarcic/dot-ai-controller/internal/controller/remediationpolicy_controller.go:172.2,173.50 2 1
github.com/vfarcic/dot-ai-controller/internal/controller/remediationpolicy_controller.go:173.50,174.36 1 1
github.com/vfarcic/dot-ai-controller/internal/controller/remediationpolicy_controller.go:174.36,176.4 1 1
github.com/vfarcic/dot-ai-controller/internal/controller/remediationpolicy_controller.go:181.120,182.54 1 1
github.com/vfarcic/dot-ai-controller/internal/controller/remediationpolicy_controller.go:182.54,183.41 1 1
github.com/vfarcic/dot-ai-controller/internal/controller/remediationpolicy_controller.go:183.41,185.4 1 1
github.com/vfarcic/dot-ai-controller/internal/controller/remediationpolicy_controller.go:187.2,187.14 1 1
github.com/vfarcic/dot-ai-controller/internal/controller/remediationpolicy_controller.go:191.163,192.54 1 1
github.com/vfarcic/dot-ai-controller/internal/controller/remediationpolicy_controller.go:192.54,193.41 1 1
github.com/vfarcic/dot-ai-controller/internal/controller/remediationpolicy_controller.go:193.41,195.4 1 1
github.com/vfarcic/dot-ai-controller/internal/controller/remediationpolicy_controller.go:197.2,197.45 1 1
github.com/vfarcic/dot-ai-controller/internal/controller/remediationpolicy_controller.go:201.142,202.25 1 1
github.com/vfarcic/dot-ai-controller/internal/controller/remediationpolicy_controller.go:202.25,204.3 1 1
github.com/vfarcic/dot-ai-controller/internal/controller/remediationpolicy_controller.go:205.2,205.28 1 1
github.com/vfarcic/dot-ai-controller/internal/controller/remediationpolicy_controller.go:205.28,207.3 1 1
github.com/vfarcic/dot-ai-controller/internal/controller/remediationpolicy_controller.go:208.2,208.17 1 1
github.com/vfarcic/dot-ai-controller/internal/controller/remediationpolicy_controller.go:212.158,213.41 1 1
github.com/vfarcic/dot-ai-controller/internal/controller/remediationpolicy_controller.go:213.41,215.3 1 1
github.com/vfarcic/dot-ai-controller/internal/controller/remediationpolicy_controller.go:216.2,216.44 1 1
github.com/vfarcic/dot-ai-controller/internal/controller/remediationpolicy_controller.go:216.44,218.3 1 1
github.com/vfarcic/dot-ai-controller/internal/controller/remediationpolicy_controller.go:219.2,219.12 1 1
github.com/vfarcic/dot-ai-controller/internal/controller/remediationpolicy_controller.go:223.150,224.33 1 1
github.com/vfarcic/dot-ai-controller/internal/controller/remediationpolicy_controller.go:224.33,226.3 1 1
github.com/vfarcic/dot-ai-controller/internal/controller/remediationpolicy_controller.go:227.2,227.36 1 1
github.com/vfarcic/dot-ai-controller/internal/controller/remediationpolicy_controller.go:227.36,229.3 1 1
github.com/vfarcic/dot-ai-controller/internal/controller/remediationpolicy_controller.go:230.2,230.14 1 1
github.com/vfarcic/dot-ai-controller/internal/controller/remediationpolicy_controller.go:234.92,236.72 1 1
github.com/vfarcic/dot-ai-controller/internal/controller/remediationpolicy_controller.go:236.72,239.87 2 1
github.com/vfarcic/dot-ai-controller/internal/controller/remediationpolicy_controller.go:239.87,242.4 1 1
github.com/vfarcic/dot-ai-controller/internal/controller/remediationpolicy_controller.go:244.3,245.43 2 1
github.com/vfarcic/dot-ai-controller/internal/controller/remediationpolicy_controller.go:245.43,247.4 1 1
github.com/vfarcic/dot-ai-controller/internal/controller/remediationpolicy_controller.go:249.3,250.25 2 1
github.com/vfarcic/dot-ai-controller/internal/controller/remediationpolicy_controller.go:250.25,252.4 1 1
github.com/vfarcic/dot-ai-controller/internal/controller/remediationpolicy_controller.go:252.9,254.4 1 1
github.com/vfarcic/dot-ai-controller/internal/controller/remediationpolicy_controller.go:257.3,257.26 1 1
github.com/vfarcic/dot-ai-controller/internal/controller/remediationpolicy_controller.go:257.26,259.4 1 1
github.com/vfarcic/dot-ai-controller/internal/controller/remediationpolicy_controller.go:261.3,261.18 1 1
github.com/vfarcic/dot-ai-controller/internal/controller/remediationpolicy_controller.go:265.2,265.59 1 1
github.com/vfarcic/dot-ai-controller/internal/controller/remediationpolicy_controller.go:269.184,278.34 3 1
github.com/vfarcic/dot-ai-controller/internal/controller/remediationpolicy_controller.go:278.34,282.3 3 1
github.com/vfarcic/dot-ai-controller/internal/controller/remediationpolicy_controller.go:284.2,284.16 1 1
github.com/vfarcic/dot-ai-controller/internal/controller/remediationpolicy_controller.go:288.220,296.16 4 1
github.com/vfarcic/dot-ai-controller/internal/controller/remediationpolicy_controller.go:296.16,298.3 1 0
github.com/vfarcic/dot-ai-controller/internal/controller/remediationpolicy_controller.go:301.2,311.43 2 1
github.com/vfarcic/dot-ai-controller/internal/controller/remediationpolicy_controller.go:311.43,313.3 1 1
github.com/vfarcic/dot-ai-controller/internal/controller/remediationpolicy_controller.go:314.2,314.35 1 1
github.com/vfarcic/dot-ai-controller/internal/controller/remediationpolicy_controller.go:314.35,316.3 1 1
github.com/vfarcic/dot-ai-controller/internal/controller/remediationpolicy_controller.go:318.2,325.24 3 1
github.com/vfarcic/dot-ai-controller/internal/controller/remediationpolicy_controller.go:350.49,351.43 1 1
github.com/vfarcic/dot-ai-controller/internal/controller/remediationpolicy_controller.go:351.43,353.68 1 1
github.com/vfarcic/dot-ai-controller/internal/controller/remediationpolicy_controller.go:353.68,355.4 1 1
github.com/vfarcic/dot-ai-controller/internal/controller/remediationpolicy_controller.go:356.3,356.68 1 0
github.com/vfarcic/dot-ai-controller/internal/controller/remediationpolicy_controller.go:356.68,358.4 1 0
github.com/vfarcic/dot-ai-controller/internal/controller/remediationpolicy_controller.go:359.3,359.67 1 0
github.com/vfarcic/dot-ai-controller/internal/controller/remediationpolicy_controller.go:359.67,361.4 1 0
github.com/vfarcic/dot-ai-controller/internal/controller/remediationpolicy_controller.go:363.3,363.31 1 0
github.com/vfarcic/dot-ai-controller/internal/controller/remediationpolicy_controller.go:363.31,365.4 1 0
github.com/vfarcic/dot-ai-controller/internal/controller/remediationpolicy_controller.go:366.3,366.46 1 0
github.com/vfarcic/dot-ai-controller/internal/controller/remediationpolicy_controller.go:368.2,368.25 1 1
github.com/vfarcic/dot-ai-controller/internal/controller/remediationpolicy_controller.go:372.48,373.20 1 1
github.com/vfarcic/dot-ai-controller/internal/controller/remediationpolicy_controller.go:373.20,374.28 1 1
github.com/vfarcic/dot-ai-controller/internal/controller/remediationpolicy_controller.go:374.28,376.4 1 1
github.com/vfarcic/dot-ai-controller/internal/controller/remediationpolicy_controller.go:377.3,377.25 1 0
github.com/vfarcic/dot-ai-controller/internal/controller/remediationpolicy_controller.go:377.25,379.4 1 0
github.com/vfarcic/dot-ai-controller/internal/controller/remediationpolicy_controller.go:381.2,381.24 1 1
github.com/vfarcic/dot-ai-controller/internal/controller/remediationpolicy_controller.go:385.152,393.16 5 1
github.com/vfarcic/dot-ai-controller/internal/controller/remediationpolicy_controller.go:393.16,395.3 1 0
github.com/vfarcic/dot-ai-controller/internal/controller/remediationpolicy_controller.go:397.2,401.16 3 1
github.com/vfarcic/dot-ai-controller/internal/controller/remediationpolicy_controller.go:401.16,403.3 1 0
github.com/vfarcic/dot-ai-controller/internal/controller/remediationpolicy_controller.go:406.2,415.16 6 1
github.com/vfarcic/dot-ai-controller/internal/controller/remediationpolicy_controller.go:415.16,418.3 2 0
github.com/vfarcic/dot-ai-controller/internal/controller/remediationpolicy_controller.go:420.2,429.16 4 1
github.com/vfarcic/dot-ai-controller/internal/controller/remediationpolicy_controller.go:429.16,432.3 2 0
github.com/vfarcic/dot-ai-controller/internal/controller/remediationpolicy_controller.go:434.2,441.53 3 1
github.com/vfarcic/dot-ai-controller/internal/controller/remediationpolicy_controller.go:441.53,457.3 2 1
github.com/vfarcic/dot-ai-controller/internal/controller/remediationpolicy_controller.go:460.2,461.67 2 1
github.com/vfarcic/dot-ai-controller/internal/controller/remediationpolicy_controller.go:461.67,480.3 2 0
github.com/vfarcic/dot-ai-controller/internal/controller/remediationpolicy_controller.go:483.2,489.26 2 1
github.com/vfarcic/dot-ai-controller/internal/controller/remediationpolicy_controller.go:493.119,495.56 1 1
github.com/vfarcic/dot-ai-controller/internal/controller/remediationpolicy_controller.go:495.56,497.3 1 1
github.com/vfarcic/dot-ai-controller/internal/controller/remediationpolicy_controller.go:500.2,500.62 1 1
github.com/vfarcic/dot-ai-controller/internal/controller/remediationpolicy_controller.go:500.62,502.3 1 1
github.com/vfarcic/dot-ai-controller/internal/controller/remediationpolicy_controller.go:505.2,505.99 1 1
github.com/vfarcic/dot-ai-controller/internal/controller/remediationpolicy_controller.go:505.99,507.3 1 1
github.com/vfarcic/dot-ai-controller/internal/controller/remediationpolicy_controller.go:510.2,510.71 1 1
github.com/vfarcic/dot-ai-controller/internal/controller/remediationpolicy_controller.go:510.71,512.3 1 1
github.com/vfarcic/dot-ai-controller/internal/controller/remediationpolicy_controller.go:514.2,514.13 1 1
github.com/vfarcic/dot-ai-controller/internal/controller/remediationpolicy_controller.go:518.179,544.16 6 1
github.com/vfarcic/dot-ai-controller/internal/controller/remediationpolicy_controller.go:544.16,550.84 3 0
github.com/vfarcic/dot-ai-controller/internal/controller/remediationpolicy_controller.go:550.84,552.4 1 0
github.com/vfarcic/dot-ai-controller/internal/controller/remediationpolicy_controller.go:553.3,553.13 1 0
github.com/vfarcic/dot-ai-controller/internal/controller/remediationpolicy_controller.go:556.2,562.94 2 1
github.com/vfarcic/dot-ai-controller/internal/controller/remediationpolicy_controller.go:562.94,565.3 1 1
github.com/vfarcic/dot-ai-controller/internal/controller/remediationpolicy_controller.go:568.2,569.16 2 1
github.com/vfarcic/dot-ai-controller/internal/controller/remediationpolicy_controller.go:569.16,575.85 3 0
github.com/vfarcic/dot-ai-controller/internal/controller/remediationpolicy_controller.go:575.85,577.4 1 0
github.com/vfarcic/dot-ai-controller/internal/controller/remediationpolicy_controller.go:578.3,578.13 1 0
github.com/vfarcic/dot-ai-controller/internal/controller/remediationpolicy_controller.go:582.2,583.25 2 1
github.com/vfarcic/dot-ai-controller/internal/controller/remediationpolicy_controller.go:583.25,592.3 3 1
github.com/vfarcic/dot-ai-controller/internal/controller/remediationpolicy_controller.go:592.8,598.3 3 1
github.com/vfarcic/dot-ai-controller/internal/controller/remediationpolicy_controller.go:601.2,601.76 1 1
github.com/vfarcic/dot-ai-controller/internal/controller/remediationpolicy_controller.go:601.76,607.3 3 0
github.com/vfarcic/dot-ai-controller/internal/controller/remediationpolicy_controller.go:610.2,610.105 1 1
github.com/vfarcic/dot-ai-controller/internal/controller/remediationpolicy_controller.go:610.105,613.3 1 1
github.com/vfarcic/dot-ai-controller/internal/controller/remediationpolicy_controller.go:616.2,616.16 1 1
github.com/vfarcic/dot-ai-controller/internal/controller/remediationpolicy_controller.go:616.16,618.3 1 1
github.com/vfarcic/dot-ai-controller/internal/controller/remediationpolicy_controller.go:618.8,620.3 1 1
github.com/vfarcic/dot-ai-controller/internal/controller/remediationpolicy_controller.go:621.2,621.12 1 1
github.com/vfarcic/dot-ai-controller/internal/controller/remediationpolicy_controller.go:625.169,632.53 5 1
github.com/vfarcic/dot-ai-controller/internal/controller/remediationpolicy_controller.go:632.53,633.18 1 1
github.com/vfarcic/dot-ai-controller/internal/controller/remediationpolicy_controller.go:633.18,636.24 2 0
github.com/vfarcic/dot-ai-controller/internal/controller/remediationpolicy_controller.go:636.24,638.5 1 0
github.com/vfarcic/dot-ai-controller/internal/controller/remediationpolicy_controller.go:640.4,643.21 3 0
github.com/vfarcic/dot-ai-controller/internal/controller/remediationpolicy_controller.go:647.3,648.79 2 1
github.com/vfarcic/dot-ai-controller/internal/controller/remediationpolicy_controller.go:648.79,650.12 2 0
github.com/vfarcic/dot-ai-controller/internal/controller/remediationpolicy_controller.go:654.3,655.14 2 1
github.com/vfarcic/dot-ai-controller/internal/controller/remediationpolicy_controller.go:655.14,657.4 1 1
github.com/vfarcic/dot-ai-controller/internal/controller/remediationpolicy_controller.go:657.9,659.4 1 1
github.com/vfarcic/dot-ai-controller/internal/controller/remediationpolicy_controller.go:662.3,662.61 1 1
github.com/vfarcic/dot-ai-controller/internal/controller/remediationpolicy_controller.go:662.61,666.4 3 1
github.com/vfarcic/dot-ai-controller/internal/controller/remediationpolicy_controller.go:669.3,674.49 4 1
github.com/vfarcic/dot-ai-controller/internal/controller/remediationpolicy_controller.go:674.49,677.4 1 1
github.com/vfarcic/dot-ai-controller/internal/controller/remediationpolicy_controller.go:677.9,679.4 1 0
github.com/vfarcic/dot-ai-controller/internal/controller/remediationpolicy_controller.go:681.3,691.53 3 1
github.com/vfarcic/dot-ai-controller/internal/controller/remediationpolicy_controller.go:691.53,692.33 1 1
github.com/vfarcic/dot-ai-controller/internal/controller/remediationpolicy_controller.go:692.33,695.10 3 1
github.com/vfarcic/dot-ai-controller/internal/controller/remediationpolicy_controller.go:698.3,698.15 1 1
github.com/vfarcic/dot-ai-controller/internal/controller/remediationpolicy_controller.go:698.15,700.4 1 1
github.com/vfarcic/dot-ai-controller/internal/controller/remediationpolicy_controller.go:703.3,703.55 1 1
github.com/vfarcic/dot-ai-controller/internal/controller/remediationpolicy_controller.go:703.55,704.33 1 0
github.com/vfarcic/dot-ai-controller/internal/controller/remediationpolicy_controller.go:704.33,707.13 2 0
github.com/vfarcic/dot-ai-controller/internal/controller/remediationpolicy_controller.go:710.4,710.64 1 0
github.com/vfarcic/dot-ai-controller/internal/controller/remediationpolicy_controller.go:714.3,714.13 1 1
github.com/vfarcic/dot-ai-controller/internal/controller/remediationpolicy_controller.go:718.2,718.98 1 0
github.com/vfarcic/dot-ai-controller/internal/controller/remediationpolicy_controller.go:722.129,725.78 2 1
github.com/vfarcic/dot-ai-controller/internal/controller/remediationpolicy_controller.go:725.78,727.3 1 0
github.com/vfarcic/dot-ai-controller/internal/controller/remediationpolicy_controller.go:730.2,735.54 4 1
github.com/vfarcic/dot-ai-controller/internal/controller/remediationpolicy_controller.go:735.54,737.3 1 0
github.com/vfarcic/dot-ai-controller/internal/controller/remediationpolicy_controller.go:739.2,739.12 1 1
github.com/vfarcic/dot-ai-controller/internal/controller/remediationpolicy_controller.go:743.130,746.78 2 1
github.com/vfarcic/dot-ai-controller/internal/controller/remediationpolicy_controller.go:746.78,748.3 1 0
github.com/vfarcic/dot-ai-controller/internal/controller/remediationpolicy_controller.go:751.2,773.54 12 1
github.com/vfarcic/dot-ai-controller/internal/controller/remediationpolicy_controller.go:773.54,775.3 1 0
github.com/vfarcic/dot-ai-controller/internal/controller/remediationpolicy_controller.go:777.2,777.12 1 1
github.com/vfarcic/dot-ai-controller/internal/controller/remediationpolicy_controller.go:786.109,791.63 3 1
github.com/vfarcic/dot-ai-controller/internal/controller/remediationpolicy_controller.go:791.63,794.3 1 1
github.com/vfarcic/dot-ai-controller/internal/controller/remediationpolicy_controller.go:797.2,798.64 2 1
github.com/vfarcic/dot-ai-controller/internal/controller/remediationpolicy_controller.go:798.64,801.3 1 1
github.com/vfarcic/dot-ai-controller/internal/controller/remediationpolicy_controller.go:804.2,805.27 2 1
github.com/vfarcic/dot-ai-controller/internal/controller/remediationpolicy_controller.go:809.138,819.61 3 1
github.com/vfarcic/dot-ai-controller/internal/controller/remediationpolicy_controller.go:819.61,824.3 3 0
github.com/vfarcic/dot-ai-controller/internal/controller/remediationpolicy_controller.go:827.2,828.126 2 1
github.com/vfarcic/dot-ai-controller/internal/controller/remediationpolicy_controller.go:828.126,836.3 3 1
github.com/vfarcic/dot-ai-controller/internal/controller/remediationpolicy_controller.go:839.2,839.23 1 1
github.com/vfarcic/dot-ai-controller/internal/controller/remediationpolicy_controller.go:839.23,840.63 1 1
github.com/vfarcic/dot-ai-controller/internal/controller/remediationpolicy_controller.go:840.63,846.4 3 0
github.com/vfarcic/dot-ai-controller/internal/controller/remediationpolicy_controller.go:847.3,847.71 1 1
github.com/vfarcic/dot-ai-controller/internal/controller/remediationpolicy_controller.go:851.2,854.56 2 1
github.com/vfarcic/dot-ai-controller/internal/controller/remediationpolicy_controller.go:858.117,867.34 3 1
github.com/vfarcic/dot-ai-controller/internal/controller/remediationpolicy_controller.go:867.34,870.3 2 1
github.com/vfarcic/dot-ai-controller/internal/controller/remediationpolicy_controller.go:872.2,879.47 3 1
github.com/vfarcic/dot-ai-controller/internal/controller/remediationpolicy_controller.go:879.47,882.3 2 0
github.com/vfarcic/dot-ai-controller/internal/controller/remediationpolicy_controller.go:884.2,884.30 1 1
github.com/vfarcic/dot-ai-controller/internal/controller/remediationpolicy_controller.go:884.30,887.3 2 0
github.com/vfarcic/dot-ai-controller/internal/controller/remediationpolicy_controller.go:890.2,891.40 2 1
github.com/vfarcic/dot-ai-controller/internal/controller/remediationpolicy_controller.go:891.40,892.88 1 1
github.com/vfarcic/dot-ai-controller/internal/controller/remediationpolicy_controller.go:892.88,896.75 2 1
github.com/vfarcic/dot-ai-controller/internal/controller/remediationpolicy_controller.go:896.75,905.65 2 1
github.com/vfarcic/dot-ai-controller/internal/controller/remediationpolicy_controller.go:905.65,907.6 1 0
github.com/vfarcic/dot-ai-controller/internal/controller/remediationpolicy_controller.go:910.5,911.10 2 1
github.com/vfarcic/dot-ai-controller/internal/controller/remediationpolicy_controller.go:914.4,925.80 4 1
github.com/vfarcic/dot-ai-controller/internal/controller/remediationpolicy_controller.go:925.80,929.5 2 0
github.com/vfarcic/dot-ai-controller/internal/controller/remediationpolicy_controller.go:932.4,932.9 1 1
github.com/vfarcic/dot-ai-controller/internal/controller/remediationpolicy_controller.go:936.2,936.14 1 1
github.com/vfarcic/dot-ai-controller/internal/controller/remediationpolicy_controller.go:936.14,940.3 1 1
github.com/vfarcic/dot-ai-controller/internal/controller/remediationpolicy_controller.go:942.2,942.27 1 1
github.com/vfarcic/dot-ai-controller/internal/controller/remediationpolicy_controller.go:994.113,998.20 2 1
github.com/vfarcic/dot-ai-controller/internal/controller/remediationpolicy_controller.go:998.20,1000.3 1 1
github.com/vfarcic/dot-ai-controller/internal/controller/remediationpolicy_controller.go:1003.2,1003.28 1 1
github.com/vfarcic/dot-ai-controller/internal/controller/remediationpolicy_controller.go:1003.28,1005.3 1 1
github.com/vfarcic/dot-ai-controller/internal/controller/remediationpolicy_controller.go:1008.2,1008.70 1 1
github.com/vfarcic/dot-ai-controller/internal/controller/remediationpolicy_controller.go:1008.70,1010.3 1 1
github.com/vfarcic/dot-ai-controller/internal/controller/remediationpolicy_controller.go:1012.2,1012.12 1 1
github.com/vfarcic/dot-ai-controller/internal/controller/remediationpolicy_controller.go:1016.239,1020.46 2 1
github.com/vfarcic/dot-ai-controller/internal/controller/remediationpolicy_controller.go:1020.46,1023.3 2 1
github.com/vfarcic/dot-ai-controller/internal/controller/remediationpolicy_controller.go:1026.2,1026.54 1 1
github.com/vfarcic/dot-ai-controller/internal/controller/remediationpolicy_controller.go:1026.54,1029.3 2 0
github.com/vfarcic/dot-ai-controller/internal/controller/remediationpolicy_controller.go:1032.2,1032.83 1 1
github.com/vfarcic/dot-ai-controller/internal/controller/remediationpolicy_controller.go:1032.83,1035.3 2 1
github.com/vfarcic/dot-ai-controller/internal/controller/remediationpolicy_controller.go:1036.2,1036.89 1 1
github.com/vfarcic/dot-ai-controller/internal/controller/remediationpolicy_controller.go:1036.89,1039.3 2 0
github.com/vfarcic/dot-ai-controller/internal/controller/remediationpolicy_controller.go:1042.2,1045.101 2 1
github.com/vfarcic/dot-ai-controller/internal/controller/remediationpolicy_controller.go:1045.101,1050.3 2 1
github.com/vfarcic/dot-ai-controller/internal/controller/remediationpolicy_controller.go:1052.2,1055.12 2 1
github.com/vfarcic/dot-ai-controller/internal/controller/remediationpolicy_controller.go:1059.222,1063.26 3 1
github.com/vfarcic/dot-ai-controller/internal/controller/remediationpolicy_controller.go:1064.15,1068.72 4 1
github.com/vfarcic/dot-ai-controller/internal/controller/remediationpolicy_controller.go:1070.18,1071.48 1 1
github.com/vfarcic/dot-ai-controller/internal/controller/remediationpolicy_controller.go:1071.48,1073.16 2 1
github.com/vfarcic/dot-ai-controller/internal/controller/remediationpolicy_controller.go:1073.16,1077.5 3 1
github.com/vfarcic/dot-ai-controller/internal/controller/remediationpolicy_controller.go:1077.10,1081.5 3 1
github.com/vfarcic/dot-ai-controller/internal/controller/remediationpolicy_controller.go:1082.9,1086.4 3 1
github.com/vfarcic/dot-ai-controller/internal/controller/remediationpolicy_controller.go:1087.3,1087.88 1 1
github.com/vfarcic/dot-ai-controller/internal/controller/remediationpolicy_controller.go:1090.2,1103.51 2 1
github.com/vfarcic/dot-ai-controller/internal/controller/remediationpolicy_controller.go:1103.51,1105.3 1 1
github.com/vfarcic/dot-ai-controller/internal/controller/remediationpolicy_controller.go:1107.2,1107.16 1 1
github.com/vfarcic/dot-ai-controller/internal/controller/remediationpolicy_controller.go:1111.191,1155.2 2 1
github.com/vfarcic/dot-ai-controller/internal/controller/remediationpolicy_controller.go:1158.220,1171.24 2 1
github.com/vfarcic/dot-ai-controller/internal/controller/remediationpolicy_controller.go:1171.24,1173.26 2 1
github.com/vfarcic/dot-ai-controller/internal/controller/remediationpolicy_controller.go:1173.26,1175.4 1 1
github.com/vfarcic/dot-ai-controller/internal/controller/remediationpolicy_controller.go:1175.9,1177.4 1 1
github.com/vfarcic/dot-ai-controller/internal/controller/remediationpolicy_controller.go:1178.3,1184.5 1 1
github.com/vfarcic/dot-ai-controller/internal/controller/remediationpolicy_controller.go:1188.2,1200.24 3 1
github.com/vfarcic/dot-ai-controller/internal/controller/remediationpolicy_controller.go:1200.24,1203.3 2 1
github.com/vfarcic/dot-ai-controller/internal/controller/remediationpolicy_controller.go:1206.2,1230.15 4 1
github.com/vfarcic/dot-ai-controller/internal/controller/remediationpolicy_controller.go:1234.100,1238.63 3 1
github.com/vfarcic/dot-ai-controller/internal/controller/remediationpolicy_controller.go:1238.63,1243.41 3 1
github.com/vfarcic/dot-ai-controller/internal/controller/remediationpolicy_controller.go:1243.41,1249.4 2 1
github.com/vfarcic/dot-ai-controller/internal/controller/remediationpolicy_controller.go:1251.3,1251.59 1 1
github.com/vfarcic/dot-ai-controller/internal/controller/remediationpolicy_controller.go:1251.59,1256.4 1 1
github.com/vfarcic/dot-ai-controller/internal/controller/remediationpolicy_controller.go:1258.3,1258.26 1 1
github.com/vfarcic/dot-ai-controller/internal/controller/remediationpolicy_controller.go:1258.26,1263.4 1 1
github.com/vfarcic/dot-ai-controller/internal/controller/remediationpolicy_controller.go:1266.3,1266.70 1 1
github.com/vfarcic/dot-ai-controller/internal/controller/remediationpolicy_controller.go:1266.70,1267.78 1 1
github.com/vfarcic/dot-ai-controller/internal/controller/remediationpolicy_controller.go:1267.78,1275.5 1 1
github.com/vfarcic/dot-ai-controller/internal/controller/remediationpolicy_controller.go:1276.4,1276.61 1 1
github.com/vfarcic/dot-ai-controller/internal/controller/remediationpolicy_controller.go:1276.61,1284.5 1 1
github.com/vfarcic/dot-ai-controller/internal/controller/remediationpolicy_controller.go:1288.3,1288.76 1 1
github.com/vfarcic/dot-ai-controller/internal/controller/remediationpolicy_controller.go:1288.76,1289.85 1 1
github.com/vfarcic/dot-ai-controller/internal/controller/remediationpolicy_controller.go:1289.85,1291.18 2 1
github.com/vfarcic/dot-ai-controller/internal/controller/remediationpolicy_controller.go:1291.18,1293.6 1 1
github.com/vfarcic/dot-ai-controller/internal/controller/remediationpolicy_controller.go:1295.5,1304.36 2 1
github.com/vfarcic/dot-ai-controller/internal/controller/remediationpolicy_controller.go:1304.36,1306.17 1 1
github.com/vfarcic/dot-ai-controller/internal/controller/remediationpolicy_controller.go:1306.17,1314.12 2 0
github.com/vfarcic/dot-ai-controller/internal/controller/remediationpolicy_controller.go:1317.6,1317.62 1 1
github.com/vfarcic/dot-ai-controller/internal/controller/remediationpolicy_controller.go:1317.62,1318.68 1 1
github.com/vfarcic/dot-ai-controller/internal/controller/remediationpolicy_controller.go:1318.68,1326.8 1 1
github.com/vfarcic/dot-ai-controller/internal/controller/remediationpolicy_controller.go:1333.3,1333.74 1 1
github.com/vfarcic/dot-ai-controller/internal/controller/remediationpolicy_controller.go:1333.74,1334.55 1 1
github.com/vfarcic/dot-ai-controller/internal/controller/remediationpolicy_controller.go:1334.55,1336.16 2 1
github.com/vfarcic/dot-ai-controller/internal/controller/remediationpolicy_controller.go:1336.16,1338.6 1 1
github.com/vfarcic/dot-ai-controller/internal/controller/remediationpolicy_controller.go:1339.5,1345.7 1 1
github.com/vfarcic/dot-ai-controller/internal/controller/remediationpolicy_controller.go:1350.3,1350.79 1 1
github.com/vfarcic/dot-ai-controller/internal/controller/remediationpolicy_controller.go:1350.79,1358.4 1 1
github.com/vfarcic/dot-ai-controller/internal/controller/remediationpolicy_controller.go:1362.2,1362.54 1 1
github.com/vfarcic/dot-ai-controller/internal/controller/remediationpolicy_controller.go:1362.54,1364.35 2 1
github.com/vfarcic/dot-ai-controller/internal/controller/remediationpolicy_controller.go:1364.35,1366.4 1 1
github.com/vfarcic/dot-ai-controller/internal/controller/remediationpolicy_controller.go:1367.3,1367.39 1 1
github.com/vfarcic/dot-ai-controller/internal/controller/remediationpolicy_controller.go:1367.39,1368.86 1 1
github.com/vfarcic/dot-ai-controller/internal/controller/remediationpolicy_controller.go:1368.86,1370.5 1 1
github.com/vfarcic/dot-ai-controller/internal/controller/remediationpolicy_controller.go:1372.3,1372.22 1 1
github.com/vfarcic/dot-ai-controller/internal/controller/remediationpolicy_controller.go:1372.22,1380.4 1 1
github.com/vfarcic/dot-ai-controller/internal/controller/remediationpolicy_controller.go:1383.2,1383.15 1 1
github.com/vfarcic/dot-ai-controller/internal/controller/remediationpolicy_controller.go:1387.91,1388.63 1 1
github.com/vfarcic/dot-ai-controller/internal/controller/remediationpolicy_controller.go:1388.63,1389.69 1 1
github.com/vfarcic/dot-ai-controller/internal/controller/remediationpolicy_controller.go:1389.69,1391.4 1 1
github.com/vfarcic/dot-ai-controller/internal/controller/remediationpolicy_controller.go:1393.2,1393.14 1 1
github.com/vfarcic/dot-ai-controller/internal/controller/remediationpolicy_controller.go:1397.124,1402.16 3 1
github.com/vfarcic/dot-ai-controller/internal/controller/remediationpolicy_controller.go:1402.16,1404.3 1 0
github.com/vfarcic/dot-ai-controller/internal/controller/remediationpolicy_controller.go:1407.2,1408.16 2 1
github.com/vfarcic/dot-ai-controller/internal/controller/remediationpolicy_controller.go:1408.16,1410.3 1 0
github.com/vfarcic/dot-ai-controller/internal/controller/remediationpolicy_controller.go:1412.2,1416.16 3 1
github.com/vfarcic/dot-ai-controller/internal/controller/remediationpolicy_controller.go:1416.16,1418.3 1 0
github.com/vfarcic/dot-ai-controller/internal/controller/remediationpolicy_controller.go:1419.2,1422.42 2 1
github.com/vfarcic/dot-ai-controller/internal/controller/remediationpolicy_controller.go:1422.42,1425.3 2 1
github.com/vfarcic/dot-ai-controller/internal/controller/remediationpolicy_controller.go:1427.2,1431.12 2 1
github.com/vfarcic/dot-ai-controller/internal/controller/remediationpolicy_controller.go:1435.80,1444.2 1 0
github.com/vfarcic/dot-ai-controller/internal/controller/solution_controller.go:59.100,64.66 3 1
github.com/vfarcic/dot-ai-controller/internal/controller/solution_controller.go:64.66,65.32 1 1
github.com/vfarcic/dot-ai-controller/internal/controller/solution_controller.go:65.32,69.4 2 1
github.com/vfarcic/dot-ai-controller/internal/controller/solution_controller.go:70.3,71.28 2 0
github.com/vfarcic/dot-ai-controller/internal/controller/solution_controller.go:74.2,82.45 2 1
github.com/vfarcic/dot-ai-controller/internal/controller/solution_controller.go:82.45,84.68 2 1
github.com/vfarcic/dot-ai-controller/internal/controller/solution_controller.go:84.68,89.4 3 0
github.com/vfarcic/dot-ai-controller/internal/controller/solution_controller.go:90.3,92.28 2 1
github.com/vfarcic/dot-ai-controller/internal/controller/solution_controller.go:96.2,97.66 2 1
github.com/vfarcic/dot-ai-controller/internal/controller/solution_controller.go:97.66,100.3 1 0
github.com/vfarcic/dot-ai-controller/internal/controller/solution_controller.go:103.2,103.63 1 1
github.com/vfarcic/dot-ai-controller/internal/controller/solution_controller.go:103.63,108.3 3 0
github.com/vfarcic/dot-ai-controller/internal/controller/solution_controller.go:110.2,116.56 2 1
github.com/vfarcic/dot-ai-controller/internal/controller/solution_controller.go:120.116,125.80 3 1
github.com/vfarcic/dot-ai-controller/internal/controller/solution_controller.go:125.80,127.3 1 0
github.com/vfarcic/dot-ai-controller/internal/controller/solution_controller.go:130.2,150.54 7 1
github.com/vfarcic/dot-ai-controller/internal/controller/solution_controller.go:150.54,152.3 1 0
github.com/vfarcic/dot-ai-controller/internal/controller/solution_controller.go:154.2,159.12 2 1
github.com/vfarcic/dot-ai-controller/internal/controller/solution_controller.go:163.112,172.53 6 1
github.com/vfarcic/dot-ai-controller/internal/controller/solution_controller.go:172.53,173.18 1 1
github.com/vfarcic/dot-ai-controller/internal/controller/solution_controller.go:173.18,176.24 2 0
github.com/vfarcic/dot-ai-controller/internal/controller/solution_controller.go:176.24,178.5 1 0
github.com/vfarcic/dot-ai-controller/internal/controller/solution_controller.go:180.4,182.21 3 0
github.com/vfarcic/dot-ai-controller/internal/controller/solution_controller.go:186.3,187.81 2 1
github.com/vfarcic/dot-ai-controller/internal/controller/solution_controller.go:187.81,189.12 2 0
github.com/vfarcic/dot-ai-controller/internal/controller/solution_controller.go:193.3,200.44 5 1
github.com/vfarcic/dot-ai-controller/internal/controller/solution_controller.go:200.44,202.27 1 1
github.com/vfarcic/dot-ai-controller/internal/controller/solution_controller.go:202.27,204.5 1 0
github.com/vfarcic/dot-ai-controller/internal/controller/solution_controller.go:207.4,208.18 2 1
github.com/vfarcic/dot-ai-controller/internal/controller/solution_controller.go:208.18,209.34 1 1
github.com/vfarcic/dot-ai-controller/internal/controller/solution_controller.go:209.34,214.14 3 1
github.com/vfarcic/dot-ai-controller/internal/controller/solution_controller.go:217.5,221.13 2 0
github.com/vfarcic/dot-ai-controller/internal/controller/solution_controller.go:225.4,226.13 2 1
github.com/vfarcic/dot-ai-controller/internal/controller/solution_controller.go:226.13,232.5 2 1
github.com/vfarcic/dot-ai-controller/internal/controller/solution_controller.go:232.10,238.5 2 1
github.com/vfarcic/dot-ai-controller/internal/controller/solution_controller.go:242.3,247.55 4 1
github.com/vfarcic/dot-ai-controller/internal/controller/solution_controller.go:247.55,249.4 1 1
github.com/vfarcic/dot-ai-controller/internal/controller/solution_controller.go:249.9,249.29 1 1
github.com/vfarcic/dot-ai-controller/internal/controller/solution_controller.go:249.29,251.4 1 1
github.com/vfarcic/dot-ai-controller/internal/controller/solution_controller.go:251.9,253.4 1 0
github.com/vfarcic/dot-ai-controller/internal/controller/solution_controller.go:256.3,259.39 3 1
github.com/vfarcic/dot-ai-controller/internal/controller/solution_controller.go:259.39,267.4 1 1
github.com/vfarcic/dot-ai-controller/internal/controller/solution_controller.go:267.9,275.4 1 1
github.com/vfarcic/dot-ai-controller/internal/controller/solution_controller.go:278.3,279.53 2 1
github.com/vfarcic/dot-ai-controller/internal/controller/solution_controller.go:279.53,280.33 1 1
github.com/vfarcic/dot-ai-controller/internal/controller/solution_controller.go:280.33,283.10 3 1
github.com/vfarcic/dot-ai-controller/internal/controller/solution_controller.go:286.3,286.15 1 1
github.com/vfarcic/dot-ai-controller/internal/controller/solution_controller.go:286.15,288.4 1 0
github.com/vfarcic/dot-ai-controller/internal/controller/solution_controller.go:291.3,291.55 1 1
github.com/vfarcic/dot-ai-controller/internal/controller/solution_controller.go:291.55,292.33 1 0
github.com/vfarcic/dot-ai-controller/internal/controller/solution_controller.go:292.33,298.13 3 0
github.com/vfarcic/dot-ai-controller/internal/controller/solution_controller.go:301.4,301.57 1 0
github.com/vfarcic/dot-ai-controller/internal/controller/solution_controller.go:305.3,305.13 1 1
github.com/vfarcic/dot-ai-controller/internal/controller/solution_controller.go:309.2,309.91 1 0
github.com/vfarcic/dot-ai-controller/internal/controller/solution_controller.go:313.136,316.16 2 1
github.com/vfarcic/dot-ai-controller/internal/controller/solution_controller.go:316.16,318.3 1 0
github.com/vfarcic/dot-ai-controller/internal/controller/solution_controller.go:321.2,338.45 5 1
github.com/vfarcic/dot-ai-controller/internal/controller/solution_controller.go:338.45,340.3 1 1
github.com/vfarcic/dot-ai-controller/internal/controller/solution_controller.go:342.2,342.17 1 1
github.com/vfarcic/dot-ai-controller/internal/controller/solution_controller.go:346.149,349.31 2 1
github.com/vfarcic/dot-ai-controller/internal/controller/solution_controller.go:349.31,350.32 1 0
github.com/vfarcic/dot-ai-controller/internal/controller/solution_controller.go:350.32,353.4 1 0
github.com/vfarcic/dot-ai-controller/internal/controller/solution_controller.go:357.2,370.48 3 1
github.com/vfarcic/dot-ai-controller/internal/controller/solution_controller.go:370.48,372.3 1 0
github.com/vfarcic/dot-ai-controller/internal/controller/solution_controller.go:374.2,374.12 1 1
github.com/vfarcic/dot-ai-controller/internal/controller/solution_controller.go:382.115,384.70 1 1
github.com/vfarcic/dot-ai-controller/internal/controller/solution_controller.go:384.70,386.3 1 1
github.com/vfarcic/dot-ai-controller/internal/controller/solution_controller.go:389.2,389.67 1 1
github.com/vfarcic/dot-ai-controller/internal/controller/solution_controller.go:389.67,391.3 1 0
github.com/vfarcic/dot-ai-controller/internal/controller/solution_controller.go:394.2,394.31 1 1
github.com/vfarcic/dot-ai-controller/internal/controller/solution_controller.go:398.129,400.50 2 1
github.com/vfarcic/dot-ai-controller/internal/controller/solution_controller.go:400.50,402.3 1 1
github.com/vfarcic/dot-ai-controller/internal/controller/solution_controller.go:405.2,407.47 2 1
github.com/vfarcic/dot-ai-controller/internal/controller/solution_controller.go:407.47,408.35 1 1
github.com/vfarcic/dot-ai-controller/internal/controller/solution_controller.go:408.35,410.11 2 1
github.com/vfarcic/dot-ai-controller/internal/controller/solution_controller.go:410.11,411.13 1 0
github.com/vfarcic/dot-ai-controller/internal/controller/solution_controller.go:414.4,417.33 3 1
github.com/vfarcic/dot-ai-controller/internal/controller/solution_controller.go:417.33,418.34 1 1
github.com/vfarcic/dot-ai-controller/internal/controller/solution_controller.go:418.34,420.6 1 1
github.com/vfarcic/dot-ai-controller/internal/controller/solution_controller.go:422.5,422.72 1 1
github.com/vfarcic/dot-ai-controller/internal/controller/solution_controller.go:428.2,428.40 1 0
github.com/vfarcic/dot-ai-controller/internal/controller/solution_controller.go:432.126,435.31 2 1
github.com/vfarcic/dot-ai-controller/internal/controller/solution_controller.go:435.31,438.32 2 1
github.com/vfarcic/dot-ai-controller/internal/controller/solution_controller.go:438.32,440.4 1 1
github.com/vfarcic/dot-ai-controller/internal/controller/solution_controller.go:444.2,445.34 2 0
github.com/vfarcic/dot-ai-controller/internal/controller/solution_controller.go:445.34,448.35 2 0
github.com/vfarcic/dot-ai-controller/internal/controller/solution_controller.go:448.35,451.4 1 0
github.com/vfarcic/dot-ai-controller/internal/controller/solution_controller.go:454.2,454.31 1 0
github.com/vfarcic/dot-ai-controller/internal/controller/solution_controller.go:454.31,456.3 1 0
github.com/vfarcic/dot-ai-controller/internal/controller/solution_controller.go:458.2,458.77 1 0
github.com/vfarcic/dot-ai-controller/internal/controller/solution_controller.go:462.115,465.46 2 1
github.com/vfarcic/dot-ai-controller/internal/controller/solution_controller.go:465.46,467.26 1 1
github.com/vfarcic/dot-ai-controller/internal/controller/solution_controller.go:467.26,469.4 1 0
github.com/vfarcic/dot-ai-controller/internal/controller/solution_controller.go:472.3,473.17 2 1
github.com/vfarcic/dot-ai-controller/internal/controller/solution_controller.go:473.17,474.33 1 1
github.com/vfarcic/dot-ai-controller/internal/controller/solution_controller.go:474.33,479.13 2 1
github.com/vfarcic/dot-ai-controller/internal/controller/solution_controller.go:481.4,481.34 1 0
github.com/vfarcic/dot-ai-controller/internal/controller/solution_controller.go:481.34,489.13 3 0
github.com/vfarcic/dot-ai-controller/internal/controller/solution_controller.go:492.4,496.12 2 0
github.com/vfarcic/dot-ai-controller/internal/controller/solution_controller.go:500.3,500.73 1 1
github.com/vfarcic/dot-ai-controller/internal/controller/solution_controller.go:500.73,507.12 3 0
github.com/vfarcic/dot-ai-controller/internal/controller/solution_controller.go:510.3,513.31 1 1
github.com/vfarcic/dot-ai-controller/internal/controller/solution_controller.go:516.2,516.12 1 1
github.com/vfarcic/dot-ai-controller/internal/controller/solution_controller.go:520.71,525.2 1 0
